TN:
SF:src/App.vue
FN:26,switchLocale
FN:31,openMenu
FN:37,goHomeAndCloseMenu
FN:45,goToDonateAndCloseMenu
FN:58,openDegreeInfo
FN:68,closeDegreeModal
FN:117,__vite_ssr_import_14__.createElementBlock.__vite_ssr_import_14__.createElementVNode.__vite_ssr_import_14__.createElementVNode.__vite_ssr_import_14__.createElementVNode.onClick._cache.<computed>._cache.<computed>
FN:122,__vite_ssr_import_14__.createElementBlock.__vite_ssr_import_14__.createElementVNode.__vite_ssr_import_14__.createElementVNode.__vite_ssr_import_14__.createElementVNode.onClick._cache.<computed>._cache.<computed>
FN:132,__vite_ssr_import_14__.createElementBlock.__vite_ssr_import_14__.createElementVNode.__vite_ssr_import_14__.createElementVNode.__vite_ssr_import_14__.createElementVNode.onClick._cache.<computed>._cache.<computed>
FN:154,__vite_ssr_import_14__.createElementBlock.__vite_ssr_import_14__.createElementVNode.__vite_ssr_import_14__.createElementVNode.__vite_ssr_import_14__.createElementVNode.onClick._cache.<computed>._cache.<computed>
FN:157,__vite_ssr_import_14__.createElementBlock.__vite_ssr_import_14__.createElementVNode.__vite_ssr_import_14__.createElementVNode.__vite_ssr_import_14__.createElementVNode.onClick._cache.<computed>._cache.<computed>
FN:162,__vite_ssr_import_14__.createElementBlock.__vite_ssr_import_14__.createElementVNode.__vite_ssr_import_14__.createElementVNode.__vite_ssr_import_14__.createElementVNode.onClick._cache.<computed>._cache.<computed>
FN:165,__vite_ssr_import_14__.createElementBlock.__vite_ssr_import_14__.createElementVNode.__vite_ssr_import_14__.createElementVNode.__vite_ssr_import_14__.createElementVNode.onClick._cache.<computed>._cache.<computed>
FN:223,__vite_ssr_import_14__.createElementBlock.__vite_ssr_import_14__.createElementVNode.onHidden._cache.<computed>._cache.<computed>
FNF:14
FNH:4
FNDA:1,switchLocale
FNDA:1,openMenu
FNDA:0,goHomeAndCloseMenu
FNDA:0,goToDonateAndCloseMenu
FNDA:0,openDegreeInfo
FNDA:0,closeDegreeModal
FNDA:0,__vite_ssr_import_14__.createElementBlock.__vite_ssr_import_14__.createElementVNode.__vite_ssr_import_14__.createElementVNode.__vite_ssr_import_14__.createElementVNode.onClick._cache.<computed>._cache.<computed>
FNDA:1,__vite_ssr_import_14__.createElementBlock.__vite_ssr_import_14__.createElementVNode.__vite_ssr_import_14__.createElementVNode.__vite_ssr_import_14__.createElementVNode.onClick._cache.<computed>._cache.<computed>
FNDA:1,__vite_ssr_import_14__.createElementBlock.__vite_ssr_import_14__.createElementVNode.__vite_ssr_import_14__.createElementVNode.__vite_ssr_import_14__.createElementVNode.onClick._cache.<computed>._cache.<computed>
FNDA:0,__vite_ssr_import_14__.createElementBlock.__vite_ssr_import_14__.createElementVNode.__vite_ssr_import_14__.createElementVNode.__vite_ssr_import_14__.createElementVNode.onClick._cache.<computed>._cache.<computed>
FNDA:0,__vite_ssr_import_14__.createElementBlock.__vite_ssr_import_14__.createElementVNode.__vite_ssr_import_14__.createElementVNode.__vite_ssr_import_14__.createElementVNode.onClick._cache.<computed>._cache.<computed>
FNDA:0,__vite_ssr_import_14__.createElementBlock.__vite_ssr_import_14__.createElementVNode.__vite_ssr_import_14__.createElementVNode.__vite_ssr_import_14__.createElementVNode.onClick._cache.<computed>._cache.<computed>
FNDA:0,__vite_ssr_import_14__.createElementBlock.__vite_ssr_import_14__.createElementVNode.__vite_ssr_import_14__.createElementVNode.__vite_ssr_import_14__.createElementVNode.onClick._cache.<computed>._cache.<computed>
FNDA:0,__vite_ssr_import_14__.createElementBlock.__vite_ssr_import_14__.createElementVNode.onHidden._cache.<computed>._cache.<computed>
DA:1,1
DA:2,1
DA:3,1
DA:4,1
DA:5,1
DA:6,1
DA:7,1
DA:8,1
DA:9,1
DA:10,1
DA:11,1
DA:12,1
DA:13,1
DA:14,1
DA:15,1
DA:17,1
DA:18,1
DA:19,1
DA:21,1
DA:22,1
DA:24,1
DA:26,1
DA:27,1
DA:28,1
DA:30,1
DA:31,1
DA:32,1
DA:33,1
DA:34,1
DA:35,1
DA:37,0
DA:38,0
DA:39,0
DA:40,0
DA:41,0
DA:42,0
DA:43,0
DA:45,0
DA:46,0
DA:47,0
DA:48,0
DA:49,0
DA:50,0
DA:51,0
DA:52,0
DA:54,1
DA:55,1
DA:56,1
DA:58,0
DA:59,0
DA:60,0
DA:61,0
DA:62,0
DA:63,0
DA:64,0
DA:65,0
DA:66,0
DA:68,0
DA:69,0
DA:70,0
DA:71,0
DA:72,0
DA:73,0
DA:74,0
DA:75,0
DA:77,1
DA:79,1
DA:80,8
DA:81,8
DA:82,8
DA:83,1
DA:84,1
DA:85,8
DA:86,8
DA:87,8
DA:88,1
DA:89,1
DA:90,8
DA:91,8
DA:92,0
DA:93,0
DA:94,8
DA:95,0
DA:96,0
DA:97,1
DA:101,1
DA:102,1
DA:103,1
DA:104,1
DA:105,1
DA:106,1
DA:107,1
DA:109,1
DA:110,1
DA:111,1
DA:112,1
DA:113,1
DA:114,1
DA:115,1
DA:116,1
DA:117,1
DA:119,1
DA:120,1
DA:121,1
DA:122,1
DA:123,1
DA:125,1
DA:126,1
DA:127,1
DA:128,1
DA:129,1
DA:130,1
DA:131,1
DA:132,1
DA:134,1
DA:135,1
DA:136,1
DA:137,1
DA:139,1
DA:140,1
DA:141,1
DA:142,1
DA:143,1
DA:144,1
DA:145,1
DA:146,1
DA:147,1
DA:149,1
DA:150,1
DA:151,1
DA:152,1
DA:153,1
DA:154,1
DA:155,1
DA:156,1
DA:157,1
DA:158,1
DA:159,1
DA:160,1
DA:161,1
DA:162,1
DA:163,1
DA:164,1
DA:165,1
DA:166,1
DA:167,1
DA:168,1
DA:169,1
DA:170,1
DA:171,1
DA:172,1
DA:173,1
DA:174,1
DA:175,1
DA:176,1
DA:177,1
DA:178,1
DA:180,1
DA:182,1
DA:183,1
DA:184,1
DA:185,1
DA:190,1
DA:191,1
DA:192,1
DA:193,1
DA:194,1
DA:202,1
DA:203,1
DA:204,1
DA:205,1
DA:206,1
DA:208,1
DA:209,1
DA:210,1
DA:211,1
DA:212,1
DA:214,1
DA:215,1
DA:216,1
DA:217,1
DA:218,1
DA:219,1
DA:220,1
DA:221,1
DA:222,1
DA:223,1
DA:225,1
DA:226,1
DA:227,1
DA:228,1
DA:229,1
DA:230,1
DA:231,1
DA:232,1
DA:233,1
DA:234,1
DA:235,1
DA:236,1
DA:237,1
DA:238,1
DA:239,1
DA:240,1
DA:241,1
DA:242,1
DA:243,1
DA:244,1
DA:245,1
DA:246,1
DA:247,1
LF:210
LH:174
BRDA:22,0,0,0
BRDA:26,1,0,1
BRDA:27,2,0,0
BRDA:31,3,0,1
BRDA:32,4,0,1
BRDA:79,5,0,8
BRDA:81,6,0,0
BRDA:81,7,0,0
BRDA:82,8,0,0
BRDA:84,9,0,8
BRDA:86,10,0,0
BRDA:86,11,0,0
BRDA:87,12,0,0
BRDA:89,13,0,8
BRDA:91,14,0,0
BRDA:91,15,0,0
BRDA:94,16,0,0
BRDA:94,17,0,0
BRDA:107,18,0,8
BRDA:115,19,0,0
BRDA:116,20,0,0
BRDA:117,21,0,8
BRDA:119,22,0,0
BRDA:122,23,0,8
BRDA:125,24,0,57
BRDA:125,25,0,8
BRDA:132,26,0,8
BRDA:154,27,0,8
BRDA:157,28,0,8
BRDA:162,29,0,8
BRDA:165,30,0,8
BRDA:166,31,0,8
BRDA:180,32,0,3
BRDA:180,33,0,0
BRDA:180,34,0,0
BRDA:223,35,0,8
BRDA:107,36,0,1
BRDA:122,37,0,1
BRDA:132,38,0,1
BRDA:194,39,0,61
BRDA:194,40,0,3
BRF:41
BRH:24
end_of_record
TN:
SF:src/components/DonateScreen.vue
FN:35,__vite_ssr_import_4__.createElementBlock.__vite_ssr_import_4__.createElementVNode.__vite_ssr_import_4__.createElementVNode.onClick._cache.<computed>._cache.<computed>
FN:49,__vite_ssr_import_4__.createElementBlock.__vite_ssr_import_4__.createElementVNode.__vite_ssr_import_4__.createElementVNode.onClick._cache.<computed>._cache.<computed>
FN:59,__vite_ssr_import_4__.createElementBlock.__vite_ssr_import_4__.createElementVNode.__vite_ssr_import_4__.createElementVNode.onClick._cache.<computed>._cache.<computed>
FNF:3
FNH:1
FNDA:1,__vite_ssr_import_4__.createElementBlock.__vite_ssr_import_4__.createElementVNode.__vite_ssr_import_4__.createElementVNode.onClick._cache.<computed>._cache.<computed>
FNDA:0,__vite_ssr_import_4__.createElementBlock.__vite_ssr_import_4__.createElementVNode.__vite_ssr_import_4__.createElementVNode.onClick._cache.<computed>._cache.<computed>
FNDA:0,__vite_ssr_import_4__.createElementBlock.__vite_ssr_import_4__.createElementVNode.__vite_ssr_import_4__.createElementVNode.onClick._cache.<computed>._cache.<computed>
DA:1,1
DA:2,1
DA:3,1
DA:4,1
DA:5,1
DA:7,1
DA:8,1
DA:9,1
DA:11,1
DA:13,1
DA:14,1
DA:16,1
DA:17,1
DA:19,1
DA:20,6
DA:21,6
DA:22,6
DA:23,1
DA:24,1
DA:25,1
DA:26,1
DA:30,1
DA:31,1
DA:32,1
DA:33,1
DA:34,1
DA:35,1
DA:36,1
DA:37,1
DA:38,1
DA:39,1
DA:40,1
DA:41,1
DA:43,1
DA:44,1
DA:45,1
DA:46,1
DA:47,1
DA:48,1
DA:49,1
DA:51,1
DA:52,1
DA:53,1
DA:54,1
DA:55,1
DA:56,1
DA:57,1
DA:58,1
DA:59,1
DA:61,1
DA:62,1
DA:63,1
DA:64,1
DA:65,1
LF:54
LH:54
BRDA:19,0,0,6
BRDA:20,1,0,0
BRDA:22,2,0,1
BRDA:35,3,0,6
BRDA:49,4,0,6
BRDA:51,5,0,6
BRDA:59,6,0,6
BRDA:61,7,0,6
BRDA:35,8,0,1
BRF:9
BRH:8
end_of_record
TN:
SF:src/components/HelloWorld.vue
FN:1,(empty-report)
FNF:1
FNH:0
FNDA:0,(empty-report)
DA:1,0
DA:2,0
DA:8,0
DA:12,0
DA:14,0
DA:15,0
DA:16,0
DA:18,0
DA:19,0
DA:20,0
DA:22,0
DA:24,0
DA:25,0
DA:26,0
DA:27,0
DA:28,0
DA:30,0
DA:31,0
DA:32,0
DA:33,0
DA:34,0
DA:35,0
DA:36,0
LF:23
LH:0
BRDA:1,0,0,0
BRF:1
BRH:0
end_of_record
TN:
SF:src/components/MatchCard.vue
FN:36,onInfoClick
FNF:1
FNH:1
FNDA:1,onInfoClick
DA:1,1
DA:2,1
DA:3,1
DA:5,1
DA:16,1
DA:18,1
DA:19,1
DA:21,1
DA:22,3
DA:23,3
DA:24,3
DA:25,0
DA:26,0
DA:27,1
DA:29,1
DA:30,1
DA:31,3393
DA:32,3393
DA:33,3393
DA:34,1
DA:36,1
DA:37,1
DA:38,1
DA:39,1
DA:40,1
DA:41,1
DA:42,1
DA:43,1
DA:47,1
DA:48,1
DA:49,1
DA:50,1
DA:51,1
DA:53,1
DA:54,1
DA:55,1
DA:56,1
DA:57,1
DA:58,1
DA:59,1
DA:60,1
DA:61,1
DA:62,1
DA:64,1
DA:65,1
DA:66,1
DA:67,1
DA:68,1
DA:70,1
DA:71,1
DA:73,1
DA:74,1
DA:76,1
DA:77,1
DA:78,1
DA:79,1
DA:80,1
DA:81,1
DA:82,1
DA:83,1
DA:84,1
DA:85,1
DA:86,1
DA:87,1
DA:88,1
DA:89,1
LF:66
LH:64
BRDA:21,0,0,3
BRDA:23,1,0,2
BRDA:23,2,0,1
BRDA:24,3,0,1
BRDA:24,4,0,1
BRDA:24,5,0,0
BRDA:24,6,0,0
BRDA:24,7,0,0
BRDA:30,8,0,3393
BRDA:31,9,0,0
BRDA:31,10,0,0
BRDA:32,11,0,0
BRDA:36,12,0,1
BRDA:39,13,0,0
BRDA:53,14,0,0
BRF:15
BRH:7
end_of_record
TN:
SF:src/components/Phase0Categories.vue
FN:22,categoryToSlug
FN:28,getCategoryLabel
FN:36,shuffleArray
FN:77,handleRemove
FN:82,handleContinue
FN:90,handleRestore
FN:98,openCategoryInfo
FN:106,closeCategoryModal
FN:137,__vite_ssr_import_5__.createElementBlock.__vite_ssr_import_5__.createElementVNode.__vite_ssr_import_5__.createElementVNode.__vite_ssr_import_5__.createElementVNode.onClick._cache.<computed>._cache.<computed>
FN:155,onClick
FN:198,onClick
FNF:11
FNH:7
FNDA:606,categoryToSlug
FNDA:707,getCategoryLabel
FNDA:9,shuffleArray
FNDA:3,handleRemove
FNDA:1,handleContinue
FNDA:0,handleRestore
FNDA:0,openCategoryInfo
FNDA:0,closeCategoryModal
FNDA:1,__vite_ssr_import_5__.createElementBlock.__vite_ssr_import_5__.createElementVNode.__vite_ssr_import_5__.createElementVNode.__vite_ssr_import_5__.createElementVNode.onClick._cache.<computed>._cache.<computed>
FNDA:3,onClick
FNDA:0,onClick
DA:1,1
DA:2,1
DA:3,1
DA:4,1
DA:5,1
DA:6,1
DA:8,1
DA:9,1
DA:10,1
DA:12,1
DA:13,1
DA:15,1
DA:16,9
DA:17,9
DA:18,9
DA:19,1
DA:21,1
DA:22,606
DA:23,606
DA:24,606
DA:25,606
DA:27,1
DA:28,707
DA:29,707
DA:30,606
DA:31,606
DA:32,707
DA:33,707
DA:35,1
DA:36,9
DA:37,9
DA:38,9
DA:39,54
DA:40,54
DA:41,54
DA:42,9
DA:43,9
DA:45,1
DA:46,1
DA:47,103
DA:48,103
DA:49,103
DA:50,103
DA:51,7675
DA:52,7675
DA:53,7675
DA:54,103
DA:55,103
DA:56,2627
DA:57,2627
DA:58,2627
DA:59,2627
DA:60,103
DA:61,103
DA:62,103
DA:63,707
DA:64,707
DA:65,707
DA:66,103
DA:67,103
DA:68,1
DA:70,1
DA:71,1
DA:72,1
DA:73,1
DA:75,1
DA:77,3
DA:78,3
DA:79,3
DA:80,3
DA:82,1
DA:83,1
DA:84,1
DA:85,1
DA:86,1
DA:88,1
DA:90,0
DA:91,0
DA:92,0
DA:93,0
DA:95,1
DA:96,1
DA:98,0
DA:99,0
DA:100,0
DA:101,0
DA:102,0
DA:103,0
DA:104,0
DA:106,0
DA:107,0
DA:108,0
DA:109,0
DA:110,0
DA:111,0
DA:112,0
DA:113,0
DA:115,1
DA:116,1
DA:117,9
DA:118,9
DA:119,9
DA:120,9
DA:121,9
DA:122,9
DA:123,9
DA:124,9
DA:125,9
DA:126,1
DA:131,1
DA:132,1
DA:133,1
DA:134,1
DA:135,1
DA:136,1
DA:137,1
DA:138,1
DA:139,1
DA:140,1
DA:141,1
DA:142,1
DA:143,1
DA:145,1
DA:146,1
DA:147,1
DA:148,1
DA:149,1
DA:150,1
DA:151,1
DA:152,1
DA:153,1
DA:154,1
DA:155,1
DA:156,1
DA:157,1
DA:159,1
DA:160,1
DA:161,1
DA:162,1
DA:163,1
DA:164,1
DA:165,1
DA:166,1
DA:167,1
DA:168,1
DA:170,1
DA:171,1
DA:172,1
DA:173,1
DA:175,1
DA:176,1
DA:177,1
DA:178,1
DA:179,1
DA:180,1
DA:181,1
DA:182,1
DA:183,1
DA:185,1
DA:186,1
DA:188,1
DA:189,1
DA:190,1
DA:191,1
DA:192,1
DA:193,1
DA:194,1
DA:195,1
DA:196,1
DA:197,1
DA:198,1
DA:199,1
DA:200,1
DA:202,1
DA:203,1
DA:204,1
DA:205,1
DA:206,1
DA:207,1
DA:208,1
DA:209,1
DA:210,1
DA:211,1
DA:213,1
DA:214,1
DA:215,1
DA:216,1
DA:217,1
DA:219,1
DA:220,1
DA:221,1
DA:222,1
DA:223,1
DA:224,1
DA:225,1
DA:226,1
DA:227,1
DA:228,1
DA:230,1
DA:231,1
DA:232,1
DA:233,1
DA:234,1
DA:235,1
DA:236,1
DA:237,1
DA:238,1
DA:239,1
DA:240,1
DA:241,1
DA:242,1
DA:243,1
DA:244,1
DA:245,1
DA:246,1
DA:247,1
DA:248,1
DA:249,1
DA:250,1
DA:251,1
DA:252,1
LF:221
LH:202
BRDA:15,0,0,9
BRDA:16,1,0,0
BRDA:17,2,0,918
BRDA:17,3,0,0
BRDA:22,4,0,606
BRDA:23,5,0,0
BRDA:28,6,0,707
BRDA:29,7,0,101
BRDA:29,8,0,606
BRDA:32,9,0,0
BRDA:36,10,0,9
BRDA:38,11,0,54
BRDA:46,12,0,103
BRDA:47,13,0,0
BRDA:48,14,0,0
BRDA:50,15,0,7675
BRDA:51,16,0,0
BRDA:52,17,0,571
BRDA:55,18,0,2627
BRDA:56,19,0,0
BRDA:58,20,0,136
BRDA:61,21,0,94
BRDA:61,22,0,9
BRDA:62,23,0,721
BRDA:62,24,0,707
BRDA:64,25,0,571
BRDA:64,26,0,136
BRDA:71,27,0,103
BRDA:71,28,0,707
BRDA:73,29,0,103
BRDA:73,30,0,707
BRDA:75,31,0,99
BRDA:75,32,0,0
BRDA:77,33,0,3
BRDA:82,34,0,1
BRDA:84,35,0,0
BRDA:88,36,0,84
BRDA:116,37,0,9
BRDA:118,38,0,0
BRDA:120,39,0,0
BRDA:137,40,0,9
BRDA:176,41,0,0
BRDA:234,42,0,0
BRDA:137,43,0,1
BRDA:155,44,0,3
BRF:45
BRH:31
end_of_record
TN:
SF:src/components/Phase1Filter.vue
FN:24,handleContinue
FN:33,handleUndo
FN:47,__vite_ssr_import_5__.createElementBlock.__vite_ssr_import_5__.createElementVNode.__vite_ssr_import_5__.createElementVNode.onClick._cache.<computed>._cache.<computed>
FN:92,onClick
FN:108,onClick
FNF:5
FNH:3
FNDA:1,handleContinue
FNDA:0,handleUndo
FNDA:1,__vite_ssr_import_5__.createElementBlock.__vite_ssr_import_5__.createElementVNode.__vite_ssr_import_5__.createElementVNode.onClick._cache.<computed>._cache.<computed>
FNDA:1,onClick
FNDA:0,onClick
DA:1,1
DA:2,1
DA:3,1
DA:4,1
DA:5,1
DA:6,1
DA:8,1
DA:9,1
DA:10,1
DA:12,1
DA:13,1
DA:14,1
DA:15,1
DA:17,1
DA:18,1
DA:19,54
DA:20,54
DA:21,54
DA:22,1
DA:24,1
DA:25,1
DA:26,1
DA:27,0
DA:28,0
DA:29,0
DA:30,1
DA:31,1
DA:33,1
DA:34,0
DA:35,0
DA:36,0
DA:40,1
DA:41,1
DA:42,1
DA:43,1
DA:44,1
DA:45,1
DA:46,1
DA:47,1
DA:48,1
DA:49,1
DA:50,1
DA:51,1
DA:53,1
DA:54,1
DA:55,1
DA:56,1
DA:57,1
DA:58,1
DA:59,1
DA:60,1
DA:61,1
DA:62,1
DA:63,1
DA:64,1
DA:65,1
DA:66,1
DA:67,1
DA:68,1
DA:69,1
DA:70,1
DA:71,1
DA:73,1
DA:74,1
DA:75,1
DA:76,1
DA:77,1
DA:78,1
DA:80,1
DA:81,1
DA:82,1
DA:83,1
DA:84,1
DA:85,1
DA:86,1
DA:87,1
DA:88,1
DA:89,1
DA:90,1
DA:92,1
DA:93,1
DA:94,1
DA:95,1
DA:96,1
DA:97,1
DA:99,1
DA:100,1
DA:101,1
DA:102,1
DA:103,1
DA:104,1
DA:105,1
DA:106,1
DA:108,1
DA:109,1
DA:110,1
DA:111,1
DA:112,1
DA:113,1
DA:114,1
DA:115,1
DA:116,1
LF:102
LH:96
BRDA:12,0,0,54
BRDA:13,1,0,54
BRDA:14,2,0,46
BRDA:15,3,0,54
BRDA:18,4,0,54
BRDA:19,5,0,0
BRDA:20,6,0,0
BRDA:21,7,0,1100
BRDA:21,8,0,0
BRDA:21,9,0,0
BRDA:21,10,0,0
BRDA:21,11,0,0
BRDA:24,12,0,1
BRDA:26,13,0,0
BRDA:47,14,0,8
BRDA:47,15,0,1
BRDA:92,16,0,1
BRF:17
BRH:10
end_of_record
TN:
SF:src/components/Phase2Pairs.vue
FN:11,handleBack
FN:22,startTimer
FN:35,handleRandom
FN:49,handleKeep
FN:58,__vite_ssr_import_0__.watch.immediate
FN:107,__vite_ssr_import_5__.createElementBlock.__vite_ssr_import_5__.createElementBlock.__vite_ssr_import_5__.createElementVNode.__vite_ssr_import_5__.createElementVNode.onClick._cache.<computed>._cache.<computed>
FN:116,__vite_ssr_import_5__.createElementBlock.__vite_ssr_import_5__.createElementBlock.__vite_ssr_import_5__.createElementVNode.__vite_ssr_import_5__.createElementVNode.onClick._cache.<computed>._cache.<computed>
FNF:7
FNH:5
FNDA:1,handleBack
FNDA:26,startTimer
FNDA:0,handleRandom
FNDA:1,handleKeep
FNDA:28,__vite_ssr_import_0__.watch.immediate
FNDA:1,__vite_ssr_import_5__.createElementBlock.__vite_ssr_import_5__.createElementBlock.__vite_ssr_import_5__.createElementVNode.__vite_ssr_import_5__.createElementVNode.onClick._cache.<computed>._cache.<computed>
FNDA:0,__vite_ssr_import_5__.createElementBlock.__vite_ssr_import_5__.createElementBlock.__vite_ssr_import_5__.createElementVNode.__vite_ssr_import_5__.createElementVNode.onClick._cache.<computed>._cache.<computed>
DA:1,1
DA:2,1
DA:3,1
DA:4,1
DA:5,1
DA:6,1
DA:8,1
DA:9,1
DA:11,1
DA:12,1
DA:13,1
DA:14,1
DA:15,1
DA:17,1
DA:18,1
DA:19,1
DA:20,1
DA:22,1
DA:23,26
DA:24,26
DA:25,26
DA:26,26
DA:27,0
DA:28,0
DA:29,0
DA:30,0
DA:31,0
DA:32,26
DA:33,26
DA:35,1
DA:36,0
DA:37,0
DA:38,0
DA:39,0
DA:40,0
DA:41,0
DA:42,0
DA:43,0
DA:44,0
DA:45,0
DA:46,0
DA:48,1
DA:49,1
DA:50,1
DA:51,1
DA:52,1
DA:53,1
DA:54,1
DA:56,1
DA:57,1
DA:58,1
DA:59,28
DA:60,2
DA:61,1
DA:63,1
DA:64,0
DA:65,0
DA:66,1
DA:70,1
DA:71,1
DA:72,1
DA:73,1
DA:74,1
DA:75,1
DA:76,1
DA:77,1
DA:78,1
DA:79,1
DA:80,1
DA:81,1
DA:82,1
DA:83,1
DA:84,1
DA:85,1
DA:86,1
DA:87,1
DA:88,1
DA:90,1
DA:91,1
DA:92,1
DA:93,1
DA:94,0
DA:95,1
DA:96,1
DA:97,26
DA:98,1
DA:99,1
DA:100,1
DA:102,1
DA:103,1
DA:104,1
DA:105,1
DA:106,1
DA:107,1
DA:108,1
DA:109,1
DA:110,1
DA:112,1
DA:114,1
DA:115,1
DA:116,1
DA:117,1
DA:118,1
DA:119,1
DA:120,1
DA:121,1
LF:106
LH:87
BRDA:11,0,0,1
BRDA:22,1,0,26
BRDA:49,2,0,1
BRDA:50,3,0,0
BRDA:58,4,0,28
BRDA:58,5,0,28
BRDA:59,6,0,26
BRDA:59,7,0,26
BRDA:59,8,0,2
BRDA:88,9,0,0
BRDA:93,10,0,0
BRDA:96,11,0,26
BRDA:107,12,0,6
BRDA:112,13,0,6
BRDA:116,14,0,6
BRDA:107,15,0,1
BRF:16
BRH:13
end_of_record
TN:
SF:src/components/Phase3Bracket.vue
FN:19,bracketLevelLabel
FN:121,dismissIntro
FN:126,handlePickWinner
FN:140,__vite_ssr_import_5__.createElementBlock.__vite_ssr_import_5__.createElementVNode.__vite_ssr_import_5__.createElementVNode.__vite_ssr_import_5__.createElementVNode.__vite_ssr_import_5__.createElementVNode.onClick._cache.<computed>._cache.<computed>
FN:207,__vite_ssr_import_5__.createElementBlock.__vite_ssr_import_5__.createElementVNode.__vite_ssr_import_5__.createElementBlock.__vite_ssr_import_5__.createElementVNode.__vite_ssr_import_5__.createElementVNode.__vite_ssr_import_5__.createElementVNode.onClick._cache.<computed>._cache.<computed>
FN:218,__vite_ssr_import_5__.createElementBlock.__vite_ssr_import_5__.createElementVNode.__vite_ssr_import_5__.createElementBlock.__vite_ssr_import_5__.createElementVNode.__vite_ssr_import_5__.createElementVNode.__vite_ssr_import_5__.createElementVNode.onClick._cache.<computed>._cache.<computed>
FNF:6
FNH:2
FNDA:9,bracketLevelLabel
FNDA:0,dismissIntro
FNDA:0,handlePickWinner
FNDA:1,__vite_ssr_import_5__.createElementBlock.__vite_ssr_import_5__.createElementVNode.__vite_ssr_import_5__.createElementVNode.__vite_ssr_import_5__.createElementVNode.__vite_ssr_import_5__.createElementVNode.onClick._cache.<computed>._cache.<computed>
FNDA:0,__vite_ssr_import_5__.createElementBlock.__vite_ssr_import_5__.createElementVNode.__vite_ssr_import_5__.createElementBlock.__vite_ssr_import_5__.createElementVNode.__vite_ssr_import_5__.createElementVNode.__vite_ssr_import_5__.createElementVNode.onClick._cache.<computed>._cache.<computed>
FNDA:0,__vite_ssr_import_5__.createElementBlock.__vite_ssr_import_5__.createElementVNode.__vite_ssr_import_5__.createElementBlock.__vite_ssr_import_5__.createElementVNode.__vite_ssr_import_5__.createElementVNode.__vite_ssr_import_5__.createElementVNode.onClick._cache.<computed>._cache.<computed>
DA:1,1
DA:2,1
DA:3,1
DA:4,1
DA:5,1
DA:6,1
DA:8,1
DA:9,1
DA:10,1
DA:12,1
DA:14,1
DA:15,5
DA:16,1
DA:18,1
DA:19,9
DA:20,9
DA:21,9
DA:22,9
DA:23,9
DA:24,9
DA:26,1
DA:27,1
DA:28,17
DA:29,17
DA:30,17
DA:31,1
DA:33,1
DA:34,7
DA:35,7
DA:36,7
DA:37,7
DA:38,0
DA:39,0
DA:40,0
DA:41,0
DA:42,0
DA:43,1
DA:45,1
DA:46,1
DA:48,1
DA:49,1
DA:50,1
DA:51,1
DA:52,1
DA:53,21
DA:54,21
DA:55,1
DA:56,1
DA:57,1
DA:58,21
DA:59,21
DA:60,1
DA:62,1
DA:63,1
DA:64,17
DA:65,17
DA:66,1
DA:68,1
DA:69,17
DA:70,17
DA:71,15
DA:72,15
DA:73,15
DA:74,15
DA:75,1
DA:77,1
DA:78,1
DA:79,17
DA:80,17
DA:81,17
DA:82,17
DA:83,1
DA:85,1
DA:86,1
DA:87,15
DA:88,15
DA:89,1
DA:91,1
DA:92,1
DA:93,15
DA:94,15
DA:95,15
DA:96,1
DA:98,1
DA:99,1
DA:100,21
DA:101,21
DA:102,21
DA:103,21
DA:104,21
DA:105,21
DA:106,59
DA:107,59
DA:108,59
DA:109,59
DA:110,21
DA:111,1
DA:113,1
DA:114,17
DA:115,17
DA:116,17
DA:117,17
DA:118,15
DA:119,1
DA:121,0
DA:122,0
DA:123,0
DA:124,0
DA:126,1
DA:127,0
DA:128,0
DA:129,0
DA:133,1
DA:134,1
DA:135,1
DA:136,1
DA:137,1
DA:138,1
DA:139,1
DA:140,1
DA:141,1
DA:142,1
DA:143,1
DA:144,1
DA:145,1
DA:146,1
DA:147,1
DA:148,1
DA:149,1
DA:150,1
DA:151,1
DA:152,1
DA:153,1
DA:154,1
DA:155,1
DA:156,1
DA:157,1
DA:158,1
DA:159,1
DA:160,1
DA:161,1
DA:163,1
DA:164,1
DA:165,1
DA:166,1
DA:167,1
DA:168,1
DA:169,1
DA:170,1
DA:171,1
DA:173,1
DA:174,1
DA:175,1
DA:176,1
DA:177,1
DA:178,1
DA:179,1
DA:180,1
DA:181,1
DA:182,1
DA:183,1
DA:185,1
DA:186,1
DA:187,1
DA:188,1
DA:189,1
DA:190,1
DA:191,1
DA:192,1
DA:193,1
DA:194,1
DA:195,1
DA:196,1
DA:197,1
DA:198,1
DA:199,1
DA:200,1
DA:201,1
DA:203,1
DA:204,1
DA:205,1
DA:206,1
DA:207,1
DA:208,1
DA:210,1
DA:211,1
DA:212,1
DA:214,1
DA:216,1
DA:217,1
DA:218,1
DA:219,1
DA:221,1
DA:222,1
DA:223,1
DA:224,1
DA:225,1
DA:226,1
LF:198
LH:186
BRDA:14,0,0,5
BRDA:19,1,0,9
BRDA:20,2,0,0
BRDA:23,3,0,0
BRDA:27,4,0,17
BRDA:28,5,0,2
BRDA:29,6,0,0
BRDA:33,7,0,7
BRDA:35,8,0,0
BRDA:36,9,0,0
BRDA:37,10,0,0
BRDA:46,11,0,9
BRDA:49,12,0,17
BRDA:49,13,0,0
BRDA:50,14,0,17
BRDA:50,15,0,0
BRDA:52,16,0,21
BRDA:54,17,0,19
BRDA:54,18,0,2
BRDA:56,19,0,19
BRDA:57,20,0,21
BRDA:59,21,0,19
BRDA:59,22,0,2
BRDA:63,23,0,17
BRDA:64,24,0,2
BRDA:68,25,0,17
BRDA:70,26,0,2
BRDA:70,27,0,15
BRDA:78,28,0,17
BRDA:81,29,0,0
BRDA:86,30,0,15
BRDA:88,31,0,0
BRDA:92,32,0,15
BRDA:99,33,0,21
BRDA:100,34,0,2
BRDA:101,35,0,0
BRDA:105,36,0,59
BRDA:107,37,0,0
BRDA:107,38,0,21
BRDA:107,39,0,38
BRDA:113,40,0,17
BRDA:115,41,0,0
BRDA:116,42,0,2
BRDA:117,43,0,2
BRDA:117,44,0,15
BRDA:140,45,0,5
BRDA:152,46,0,0
BRDA:154,47,0,19
BRDA:174,48,0,19
BRDA:194,49,0,4
BRDA:195,50,0,15
BRDA:196,51,0,4
BRDA:196,52,0,4
BRDA:140,53,0,1
BRDA:167,54,0,0
BRDA:189,55,0,8
BRDA:189,56,0,125
BRF:57
BRH:42
end_of_record
TN:
SF:src/components/ProgressBar.vue
FN:10,bracketLevelLabel
FN:18,currentRoundSize
FNF:2
FNH:2
FNDA:19,bracketLevelLabel
FNDA:4,currentRoundSize
DA:1,1
DA:2,1
DA:3,1
DA:4,1
DA:6,1
DA:7,1
DA:9,1
DA:10,19
DA:11,19
DA:12,19
DA:13,19
DA:14,19
DA:15,19
DA:17,1
DA:18,4
DA:19,4
DA:20,4
DA:21,4
DA:22,4
DA:24,1
DA:25,64
DA:26,64
DA:27,64
DA:28,64
DA:29,64
DA:30,64
DA:31,64
DA:32,64
DA:33,64
DA:34,1
DA:36,1
DA:37,64
DA:38,64
DA:39,64
DA:40,2
DA:41,64
DA:42,9
DA:43,9
DA:44,9
DA:45,9
DA:46,64
DA:47,15
DA:48,0
DA:49,0
DA:50,0
DA:51,15
DA:52,64
DA:53,4
DA:54,64
DA:55,5
DA:56,64
DA:57,29
DA:58,64
DA:59,1
DA:61,1
DA:62,64
DA:63,64
DA:64,64
DA:65,2
DA:66,2
DA:67,2
DA:68,2
DA:69,2
DA:70,2
DA:71,64
DA:72,9
DA:73,9
DA:74,9
DA:75,3
DA:76,3
DA:77,64
DA:78,15
DA:79,0
DA:80,0
DA:81,0
DA:82,15
DA:83,64
DA:84,4
DA:85,64
DA:86,34
DA:87,64
DA:88,1
DA:92,1
DA:93,1
DA:94,1
DA:95,1
DA:96,1
DA:97,1
DA:98,1
DA:99,1
DA:100,1
DA:101,1
DA:102,1
DA:103,1
DA:104,1
DA:105,1
DA:106,1
DA:107,1
DA:108,1
LF:99
LH:93
BRDA:10,0,0,19
BRDA:11,1,0,0
BRDA:14,2,0,0
BRDA:18,3,0,4
BRDA:19,4,0,0
BRDA:20,5,0,0
BRDA:24,6,0,64
BRDA:26,7,0,29
BRDA:27,8,0,2
BRDA:28,9,0,9
BRDA:29,10,0,15
BRDA:30,11,0,4
BRDA:31,12,0,5
BRDA:32,13,0,0
BRDA:36,14,0,64
BRDA:39,15,0,2
BRDA:41,16,0,9
BRDA:44,17,0,3
BRDA:44,18,0,6
BRDA:46,19,0,15
BRDA:47,20,0,0
BRDA:52,21,0,4
BRDA:54,22,0,5
BRDA:56,23,0,29
BRDA:61,24,0,64
BRDA:64,25,0,2
BRDA:65,26,0,0
BRDA:66,27,0,0
BRDA:68,28,0,0
BRDA:71,29,0,9
BRDA:74,30,0,6
BRDA:74,31,0,3
BRDA:77,32,0,15
BRDA:78,33,0,0
BRDA:83,34,0,4
BRDA:85,35,0,34
BRDA:93,36,0,29
BRDA:101,37,0,7
BRDA:101,38,0,0
BRF:39
BRH:28
end_of_record
TN:
SF:src/components/ResultsScreen.vue
FN:20,fireConfetti
FN:23,frame
FN:60,resizeCleanup
FN:65,measureLayout
FN:99,handleShareApp
FN:115,getResultBlob
FN:126,handleDownload
FN:148,handleShare
FN:180,handleRestart
FN:193,__vite_ssr_import_7__.createElementBlock.__vite_ssr_import_7__.createElementVNode.__vite_ssr_import_7__.createElementVNode.__vite_ssr_import_7__.createElementVNode.__vite_ssr_import_7__.createElementVNode.onClick._cache.<computed>._cache.<computed>
FN:207,__vite_ssr_import_7__.createElementBlock.__vite_ssr_import_7__.createElementVNode.__vite_ssr_import_7__.createElementVNode.__vite_ssr_import_7__.createElementVNode.__vite_ssr_import_7__.createElementVNode.__vite_ssr_import_7__.withDirectives.__vite_ssr_import_7__.createElementVNode.onUpdate:modelValue._cache.<computed>._cache.<computed>
FN:242,__vite_ssr_import_7__.createElementBlock.__vite_ssr_import_7__.createElementVNode.__vite_ssr_import_7__.createElementVNode.__vite_ssr_import_7__.createElementVNode.__vite_ssr_import_7__.createElementVNode.onClick._cache.<computed>._cache.<computed>
FN:249,__vite_ssr_import_7__.createElementBlock.__vite_ssr_import_7__.createElementVNode.__vite_ssr_import_7__.createElementVNode.__vite_ssr_import_7__.createElementVNode.__vite_ssr_import_7__.createElementBlock.onClick._cache.<computed>._cache.<computed>
FN:260,__vite_ssr_import_7__.createElementBlock.__vite_ssr_import_7__.createElementVNode.__vite_ssr_import_7__.createElementVNode.__vite_ssr_import_7__.createElementVNode.__vite_ssr_import_7__.createElementBlock.onClick._cache.<computed>._cache.<computed>
FN:268,__vite_ssr_import_7__.createElementBlock.__vite_ssr_import_7__.createElementVNode.__vite_ssr_import_7__.createElementVNode.__vite_ssr_import_7__.createElementVNode.__vite_ssr_import_7__.createElementVNode.onClick._cache.<computed>._cache.<computed>
FNF:15
FNH:7
FNDA:9,fireConfetti
FNDA:81,frame
FNDA:0,resizeCleanup
FNDA:9,measureLayout
FNDA:0,handleShareApp
FNDA:0,getResultBlob
FNDA:0,handleDownload
FNDA:0,handleShare
FNDA:1,handleRestart
FNDA:1,__vite_ssr_import_7__.createElementBlock.__vite_ssr_import_7__.createElementVNode.__vite_ssr_import_7__.createElementVNode.__vite_ssr_import_7__.createElementVNode.__vite_ssr_import_7__.createElementVNode.onClick._cache.<computed>._cache.<computed>
FNDA:0,__vite_ssr_import_7__.createElementBlock.__vite_ssr_import_7__.createElementVNode.__vite_ssr_import_7__.createElementVNode.__vite_ssr_import_7__.createElementVNode.__vite_ssr_import_7__.createElementVNode.__vite_ssr_import_7__.withDirectives.__vite_ssr_import_7__.createElementVNode.onUpdate:modelValue._cache.<computed>._cache.<computed>
FNDA:1,__vite_ssr_import_7__.createElementBlock.__vite_ssr_import_7__.createElementVNode.__vite_ssr_import_7__.createElementVNode.__vite_ssr_import_7__.createElementVNode.__vite_ssr_import_7__.createElementVNode.onClick._cache.<computed>._cache.<computed>
FNDA:0,__vite_ssr_import_7__.createElementBlock.__vite_ssr_import_7__.createElementVNode.__vite_ssr_import_7__.createElementVNode.__vite_ssr_import_7__.createElementVNode.__vite_ssr_import_7__.createElementBlock.onClick._cache.<computed>._cache.<computed>
FNDA:0,__vite_ssr_import_7__.createElementBlock.__vite_ssr_import_7__.createElementVNode.__vite_ssr_import_7__.createElementVNode.__vite_ssr_import_7__.createElementVNode.__vite_ssr_import_7__.createElementBlock.onClick._cache.<computed>._cache.<computed>
FNDA:1,__vite_ssr_import_7__.createElementBlock.__vite_ssr_import_7__.createElementVNode.__vite_ssr_import_7__.createElementVNode.__vite_ssr_import_7__.createElementVNode.__vite_ssr_import_7__.createElementVNode.onClick._cache.<computed>._cache.<computed>
DA:1,1
DA:2,1
DA:3,1
DA:4,1
DA:5,1
DA:6,1
DA:7,1
DA:8,1
DA:10,1
DA:11,1
DA:12,1
DA:14,1
DA:15,1
DA:17,1
DA:18,1
DA:20,9
DA:21,9
DA:22,9
DA:23,9
DA:24,81
DA:25,81
DA:26,81
DA:27,81
DA:28,81
DA:29,81
DA:30,81
DA:31,81
DA:32,81
DA:33,81
DA:34,81
DA:35,81
DA:36,81
DA:37,81
DA:38,81
DA:39,9
DA:40,9
DA:41,9
DA:42,9
DA:43,5
DA:44,5
DA:45,5
DA:46,5
DA:47,5
DA:48,5
DA:49,9
DA:50,9
DA:52,1
DA:53,1
DA:54,9
DA:55,9
DA:56,9
DA:57,9
DA:58,9
DA:59,9
DA:60,9
DA:61,9
DA:62,1
DA:63,1
DA:65,9
DA:66,9
DA:67,9
DA:68,9
DA:69,9
DA:70,9
DA:71,9
DA:72,9
DA:73,9
DA:74,9
DA:75,1
DA:76,1
DA:77,1
DA:79,1
DA:80,9
DA:81,9
DA:82,9
DA:83,9
DA:84,9
DA:85,1
DA:87,1
DA:88,0
DA:89,0
DA:90,0
DA:91,0
DA:92,1
DA:94,1
DA:96,1
DA:97,1
DA:99,0
DA:100,0
DA:101,0
DA:102,0
DA:103,0
DA:104,0
DA:105,0
DA:106,0
DA:107,0
DA:108,0
DA:109,0
DA:110,0
DA:111,0
DA:112,0
DA:114,1
DA:115,0
DA:116,0
DA:117,0
DA:118,0
DA:119,0
DA:120,0
DA:121,0
DA:122,0
DA:123,0
DA:124,0
DA:126,1
DA:127,0
DA:128,0
DA:129,0
DA:130,0
DA:131,0
DA:132,0
DA:133,0
DA:134,0
DA:135,0
DA:136,0
DA:137,0
DA:138,0
DA:139,0
DA:140,0
DA:141,0
DA:142,0
DA:143,0
DA:144,0
DA:145,0
DA:146,0
DA:148,1
DA:149,0
DA:150,0
DA:151,0
DA:152,0
DA:153,0
DA:154,0
DA:155,0
DA:156,0
DA:157,0
DA:158,0
DA:159,0
DA:160,0
DA:161,0
DA:162,0
DA:163,0
DA:164,0
DA:165,0
DA:166,0
DA:167,0
DA:168,0
DA:169,0
DA:170,0
DA:171,0
DA:172,0
DA:173,0
DA:174,0
DA:175,0
DA:176,0
DA:177,0
DA:178,0
DA:180,1
DA:181,1
DA:182,1
DA:186,1
DA:187,1
DA:188,1
DA:189,1
DA:190,1
DA:191,1
DA:192,1
DA:193,1
DA:194,1
DA:195,1
DA:196,1
DA:197,1
DA:198,1
DA:199,1
DA:201,1
DA:202,1
DA:203,1
DA:204,1
DA:205,1
DA:206,1
DA:207,1
DA:208,1
DA:209,1
DA:210,1
DA:211,1
DA:212,1
DA:213,1
DA:214,1
DA:215,1
DA:216,1
DA:218,1
DA:219,1
DA:220,1
DA:221,1
DA:222,1
DA:223,1
DA:224,1
DA:225,1
DA:226,1
DA:227,1
DA:229,1
DA:230,1
DA:231,1
DA:232,1
DA:233,1
DA:234,0
DA:235,1
DA:236,1
DA:237,0
DA:238,1
DA:239,1
DA:240,0
DA:241,1
DA:242,1
DA:243,1
DA:244,1
DA:245,1
DA:246,1
DA:247,1
DA:248,1
DA:249,1
DA:251,1
DA:252,1
DA:253,1
DA:254,1
DA:256,1
DA:257,1
DA:258,1
DA:259,1
DA:260,1
DA:262,1
DA:263,1
DA:264,1
DA:265,1
DA:266,1
DA:267,1
DA:268,1
DA:270,1
DA:271,1
DA:272,1
DA:273,1
DA:274,1
DA:275,1
DA:276,1
LF:251
LH:170
BRDA:20,0,0,9
BRDA:23,1,0,81
BRDA:42,2,0,5
BRDA:53,3,0,9
BRDA:57,4,0,0
BRDA:56,5,0,9
BRDA:65,6,0,9
BRDA:68,7,0,0
BRDA:69,8,0,0
BRDA:72,9,0,0
BRDA:79,10,0,9
BRDA:80,11,0,0
BRDA:94,12,0,9
BRDA:180,13,0,1
BRDA:193,14,0,9
BRDA:207,15,0,9
BRDA:233,16,0,0
BRDA:236,17,0,0
BRDA:239,18,0,0
BRDA:242,19,0,9
BRDA:249,20,0,1
BRDA:260,21,0,8
BRDA:268,22,0,9
BRDA:270,23,0,9
BRDA:193,24,0,1
BRDA:242,25,0,1
BRDA:268,26,0,1
BRF:27
BRH:19
end_of_record
TN:
SF:src/components/RulesScreen.vue
FN:55,__vite_ssr_import_2__.createElementBlock.__vite_ssr_import_2__.createElementVNode.__vite_ssr_import_2__.createElementVNode.onClick._cache.<computed>._cache.<computed>
FN:62,__vite_ssr_import_2__.createElementBlock.__vite_ssr_import_2__.createElementVNode.__vite_ssr_import_2__.createElementVNode.__vite_ssr_import_2__.createElementVNode.onClick._cache.<computed>._cache.<computed>
FNF:2
FNH:2
FNDA:1,__vite_ssr_import_2__.createElementBlock.__vite_ssr_import_2__.createElementVNode.__vite_ssr_import_2__.createElementVNode.onClick._cache.<computed>._cache.<computed>
FNDA:1,__vite_ssr_import_2__.createElementBlock.__vite_ssr_import_2__.createElementVNode.__vite_ssr_import_2__.createElementVNode.__vite_ssr_import_2__.createElementVNode.onClick._cache.<computed>._cache.<computed>
DA:1,1
DA:2,1
DA:3,1
DA:5,1
DA:6,1
DA:8,1
DA:9,1
DA:10,1
DA:11,1
DA:12,1
DA:13,1
DA:17,1
DA:18,1
DA:19,1
DA:20,1
DA:21,1
DA:23,1
DA:24,1
DA:25,1
DA:26,1
DA:27,1
DA:28,1
DA:29,1
DA:30,1
DA:31,1
DA:32,1
DA:33,1
DA:35,1
DA:36,1
DA:37,1
DA:38,1
DA:39,1
DA:41,1
DA:42,1
DA:43,1
DA:44,1
DA:45,1
DA:46,1
DA:47,1
DA:48,1
DA:49,1
DA:50,1
DA:51,1
DA:52,1
DA:54,1
DA:55,1
DA:56,1
DA:58,1
DA:59,1
DA:61,1
DA:62,1
DA:63,1
DA:64,1
DA:65,1
DA:66,1
DA:67,1
LF:56
LH:56
BRDA:30,0,0,27
BRDA:55,1,0,1
BRDA:62,2,0,1
BRF:3
BRH:3
end_of_record
TN:
SF:src/components/WelcomeScreen.vue
FN:10,dataSourceHtml
FN:25,__vite_ssr_import_3__.createElementBlock.__vite_ssr_import_3__.createElementVNode.onClick._cache.<computed>._cache.<computed>
FN:30,__vite_ssr_import_3__.createElementBlock.__vite_ssr_import_3__.createElementVNode.__vite_ssr_import_3__.createElementVNode.onClick._cache.<computed>._cache.<computed>
FN:38,__vite_ssr_import_3__.createElementBlock.__vite_ssr_import_3__.createElementVNode.__vite_ssr_import_3__.createElementVNode.onClick._cache.<computed>._cache.<computed>
FNF:4
FNH:4
FNDA:43,dataSourceHtml
FNDA:1,__vite_ssr_import_3__.createElementBlock.__vite_ssr_import_3__.createElementVNode.onClick._cache.<computed>._cache.<computed>
FNDA:1,__vite_ssr_import_3__.createElementBlock.__vite_ssr_import_3__.createElementVNode.__vite_ssr_import_3__.createElementVNode.onClick._cache.<computed>._cache.<computed>
FNDA:1,__vite_ssr_import_3__.createElementBlock.__vite_ssr_import_3__.createElementVNode.__vite_ssr_import_3__.createElementVNode.onClick._cache.<computed>._cache.<computed>
DA:1,1
DA:2,1
DA:3,1
DA:4,1
DA:6,1
DA:7,1
DA:8,1
DA:10,1
DA:11,43
DA:12,43
DA:13,43
DA:14,1
DA:18,1
DA:19,1
DA:20,1
DA:21,1
DA:22,1
DA:23,1
DA:25,1
DA:26,1
DA:27,1
DA:29,1
DA:30,1
DA:31,1
DA:32,1
DA:33,1
DA:34,1
DA:35,1
DA:36,1
DA:37,1
DA:38,1
DA:40,1
DA:41,1
DA:42,1
DA:43,1
DA:44,1
LF:36
LH:36
BRDA:10,0,0,43
BRDA:19,1,0,42
BRDA:25,2,0,42
BRDA:30,3,0,42
BRDA:38,4,0,42
BRDA:40,5,0,42
BRDA:25,6,0,1
BRDA:30,7,0,1
BRDA:38,8,0,1
BRF:9
BRH:9
end_of_record
TN:
SF:src/composables/useDataStore.js
FN:5,useDataStore
FN:6,load
FN:18,save
FN:26,clear
FNF:4
FNH:4
FNDA:19,useDataStore
FNDA:15,load
FNDA:193,save
FNDA:116,clear
DA:1,1
DA:3,1
DA:5,1
DA:6,19
DA:7,15
DA:8,15
DA:9,13
DA:10,13
DA:11,13
DA:12,1
DA:13,1
DA:14,13
DA:15,2
DA:16,19
DA:18,19
DA:19,193
DA:20,193
DA:21,193
DA:22,0
DA:23,0
DA:24,19
DA:26,19
DA:27,116
DA:28,19
DA:30,19
DA:31,19
DA:32,19
DA:33,19
DA:34,19
DA:35,19
LF:30
LH:28
BRDA:5,0,0,19
BRDA:6,1,0,15
BRDA:8,2,0,13
BRDA:11,3,0,1
BRDA:14,4,0,2
BRDA:18,5,0,193
BRDA:21,6,0,0
BRDA:26,7,0,116
BRF:8
BRH:7
end_of_record
TN:
SF:src/composables/useGameEngine.js
FN:8,defaultState
FN:26,__vite_ssr_import_0__.watch.deep
FN:31,validateSavedState
FN:53,shuffle
FN:63,useGameEngine
FN:67,repairBracketState
FN:93,init
FN:106,resetGame
FN:111,goToRules
FN:115,goToWelcome
FN:119,goToDonate
FN:123,startNewGame
FN:131,removeCategory
FN:144,completeCategories
FN:152,restoreCategory
FN:168,togglePhase1Selection
FN:191,undoPhase1
FN:203,completePhase1
FN:228,startPhase2
FN:262,nextPhase2Match
FN:277,resolvePhase2Match
FN:289,resolvePhase2MatchRandomly
FN:298,startBracketPhase
FN:318,nextBracketMatch
FN:346,resolveBracketMatch
FNF:25
FNH:24
FNDA:122,defaultState
FNDA:187,__vite_ssr_import_0__.watch.deep
FNDA:11,validateSavedState
FNDA:111,shuffle
FNDA:214,useGameEngine
FNDA:9,repairBracketState
FNDA:11,init
FNDA:111,resetGame
FNDA:11,goToRules
FNDA:4,goToWelcome
FNDA:9,goToDonate
FNDA:75,startNewGame
FNDA:13,removeCategory
FNDA:56,completeCategories
FNDA:3,restoreCategory
FNDA:3495,togglePhase1Selection
FNDA:3,undoPhase1
FNDA:37,completePhase1
FNDA:10,startPhase2
FNDA:12,nextPhase2Match
FNDA:2,resolvePhase2Match
FNDA:0,resolvePhase2MatchRandomly
FNDA:26,startBracketPhase
FNDA:63,nextBracketMatch
FNDA:37,resolveBracketMatch
DA:1,1
DA:5,1
DA:6,1
DA:8,1
DA:9,122
DA:10,122
DA:11,122
DA:12,122
DA:13,122
DA:14,122
DA:15,122
DA:16,122
DA:17,122
DA:18,122
DA:19,122
DA:20,1
DA:22,1
DA:23,1
DA:24,1
DA:26,1
DA:27,187
DA:28,1
DA:30,1
DA:31,11
DA:32,11
DA:33,11
DA:34,11
DA:35,11
DA:36,11
DA:37,9
DA:38,9
DA:39,9
DA:40,9
DA:41,11
DA:42,11
DA:43,11
DA:44,11
DA:45,11
DA:46,11
DA:47,11
DA:48,11
DA:49,11
DA:50,11
DA:52,1
DA:53,111
DA:54,111
DA:55,111
DA:56,8036
DA:57,8036
DA:58,8036
DA:59,8036
DA:60,111
DA:61,111
DA:63,1
DA:64,214
DA:66,214
DA:67,214
DA:68,9
DA:69,9
DA:70,9
DA:71,9
DA:72,9
DA:73,9
DA:74,0
DA:75,0
DA:76,0
DA:77,0
DA:78,0
DA:79,4
DA:80,4
DA:81,4
DA:82,4
DA:83,4
DA:84,4
DA:85,8
DA:86,8
DA:87,4
DA:88,4
DA:89,4
DA:90,4
DA:91,214
DA:93,214
DA:94,11
DA:95,11
DA:96,11
DA:97,11
DA:98,9
DA:99,9
DA:100,9
DA:101,11
DA:102,0
DA:103,0
DA:104,214
DA:106,214
DA:107,111
DA:108,111
DA:109,214
DA:111,214
DA:112,11
DA:113,214
DA:115,214
DA:116,4
DA:117,214
DA:119,214
DA:120,9
DA:121,214
DA:123,214
DA:124,75
DA:125,75
DA:126,75
DA:127,75
DA:128,214
DA:130,214
DA:131,214
DA:132,13
DA:133,12
DA:134,12
DA:135,13
DA:136,12
DA:137,12
DA:138,12
DA:139,12
DA:140,12
DA:141,214
DA:143,214
DA:144,214
DA:145,56
DA:146,56
DA:147,55
DA:148,55
DA:149,214
DA:151,214
DA:152,214
DA:153,3
DA:154,2
DA:155,2
DA:156,3
DA:157,1
DA:158,40
DA:159,40
DA:160,1
DA:161,1
DA:162,1
DA:163,1
DA:164,214
DA:166,214
DA:168,214
DA:169,3495
DA:170,3495
DA:171,3495
DA:172,3494
DA:173,3494
DA:174,3494
DA:175,3495
DA:176,1
DA:177,1
DA:178,1
DA:179,1
DA:180,1
DA:181,1
DA:182,1
DA:183,1
DA:184,1
DA:185,1
DA:186,1
DA:187,1
DA:188,214
DA:190,214
DA:191,214
DA:192,3
DA:193,2
DA:194,3
DA:195,1
DA:196,3
DA:197,3
DA:198,3
DA:199,3
DA:200,3
DA:201,214
DA:203,214
DA:204,37
DA:205,1
DA:206,1
DA:208,36
DA:209,36
DA:210,36
DA:212,36
DA:213,36
DA:214,36
DA:215,37
DA:216,26
DA:217,37
DA:218,10
DA:219,10
DA:220,36
DA:221,214
DA:223,214
DA:224,214
DA:225,214
DA:226,214
DA:228,214
DA:229,10
DA:230,10
DA:232,10
DA:233,10
DA:234,10
DA:235,10
DA:237,10
DA:238,10
DA:240,10
DA:241,10
DA:243,10
DA:244,10
DA:245,10
DA:246,94
DA:247,94
DA:248,94
DA:249,94
DA:250,94
DA:251,10
DA:253,10
DA:254,10
DA:255,10
DA:256,10
DA:257,10
DA:259,10
DA:260,214
DA:262,214
DA:263,12
DA:264,0
DA:265,0
DA:266,0
DA:267,0
DA:269,0
DA:270,0
DA:271,0
DA:272,0
DA:273,12
DA:274,214
DA:276,214
DA:277,214
DA:278,2
DA:279,2
DA:280,2
DA:282,2
DA:283,2
DA:285,2
DA:286,2
DA:287,214
DA:289,214
DA:290,0
DA:291,0
DA:292,0
DA:293,0
DA:294,214
DA:296,214
DA:298,214
DA:299,26
DA:300,26
DA:301,26
DA:302,26
DA:304,26
DA:306,26
DA:307,26
DA:308,64
DA:309,64
DA:310,64
DA:311,64
DA:312,64
DA:313,26
DA:315,26
DA:316,214
DA:318,214
DA:319,63
DA:320,23
DA:321,23
DA:322,23
DA:323,11
DA:324,11
DA:325,11
DA:326,11
DA:328,12
DA:329,12
DA:330,12
DA:331,12
DA:333,12
DA:334,12
DA:335,12
DA:336,12
DA:337,12
DA:338,12
DA:339,12
DA:340,12
DA:341,12
DA:343,52
DA:344,214
DA:346,214
DA:347,37
DA:348,37
DA:349,37
DA:351,37
DA:352,37
DA:354,37
DA:355,37
DA:356,214
DA:358,214
DA:359,214
DA:360,214
DA:361,214
DA:362,214
DA:363,214
DA:364,214
DA:365,214
DA:366,214
DA:367,214
DA:368,214
DA:369,214
DA:370,214
DA:371,214
DA:372,214
DA:373,214
DA:374,214
DA:375,214
DA:376,214
DA:377,214
LF:325
LH:306
BRDA:8,0,0,122
BRDA:26,1,0,187
BRDA:31,2,0,11
BRDA:32,3,0,0
BRDA:34,4,0,2
BRDA:34,5,0,9
BRDA:35,6,0,0
BRDA:35,7,0,9
BRDA:36,8,0,0
BRDA:36,9,0,9
BRDA:41,10,0,0
BRDA:42,11,0,9
BRDA:42,12,0,0
BRDA:43,13,0,9
BRDA:43,14,0,0
BRDA:44,15,0,9
BRDA:44,16,0,0
BRDA:45,17,0,9
BRDA:46,18,0,9
BRDA:46,19,0,0
BRDA:47,20,0,9
BRDA:48,21,0,9
BRDA:48,22,0,0
BRDA:53,23,0,111
BRDA:55,24,0,8036
BRDA:63,25,0,214
BRDA:67,26,0,9
BRDA:69,27,0,4
BRDA:69,28,0,5
BRDA:69,29,0,4
BRDA:70,30,0,0
BRDA:71,31,0,4
BRDA:71,32,0,0
BRDA:72,33,0,0
BRDA:73,34,0,4
BRDA:73,35,0,0
BRDA:81,36,0,0
BRDA:82,37,0,0
BRDA:84,38,0,8
BRDA:93,39,0,11
BRDA:97,40,0,9
BRDA:99,41,0,1
BRDA:101,42,0,0
BRDA:106,43,0,111
BRDA:111,44,0,11
BRDA:115,45,0,4
BRDA:119,46,0,9
BRDA:123,47,0,75
BRDA:131,48,0,13
BRDA:132,49,0,1
BRDA:132,50,0,12
BRDA:135,51,0,0
BRDA:135,52,0,12
BRDA:134,53,0,819
BRDA:136,54,0,819
BRDA:139,55,0,255
BRDA:144,56,0,56
BRDA:145,57,0,1
BRDA:145,58,0,55
BRDA:146,59,0,0
BRDA:146,60,0,55
BRDA:152,61,0,3
BRDA:153,62,0,1
BRDA:153,63,0,2
BRDA:156,64,0,1
BRDA:155,65,0,40
BRDA:157,66,0,40
BRDA:161,67,0,40
BRDA:168,68,0,3495
BRDA:171,69,0,3494
BRDA:175,70,0,1
BRDA:180,71,0,0
BRDA:170,72,0,188716
BRDA:177,73,0,1
BRDA:191,74,0,3
BRDA:192,75,0,1
BRDA:192,76,0,2
BRDA:194,77,0,1
BRDA:196,78,0,0
BRDA:203,79,0,37
BRDA:204,80,0,1
BRDA:206,81,0,36
BRDA:215,82,0,26
BRDA:217,83,0,10
BRDA:219,84,0,36
BRDA:228,85,0,10
BRDA:245,86,0,94
BRDA:262,87,0,12
BRDA:263,88,0,0
BRDA:277,89,0,2
BRDA:279,90,0,0
BRDA:280,91,0,0
BRDA:298,92,0,26
BRDA:307,93,0,64
BRDA:318,94,0,63
BRDA:319,95,0,23
BRDA:322,96,0,13
BRDA:322,97,0,11
BRDA:326,98,0,12
BRDA:341,99,0,52
BRDA:346,100,0,37
BRDA:348,101,0,0
BRDA:349,102,0,0
BRF:103
BRH:78
end_of_record
TN:
SF:src/composables/useSound.js
FN:12,getContext
FN:20,playTone
FN:51,playTap
FN:56,playSuccess
FN:61,playAdvance
FN:85,playFanfare
FN:111,useSound
FN:113,get
FN:114,set
FN:120,setMuted
FN:125,toggleMute
FNF:11
FNH:10
FNDA:36,getContext
FNDA:25,playTone
FNDA:20,playTap
FNDA:5,playSuccess
FNDA:1,playAdvance
FNDA:10,playFanfare
FNDA:108,useSound
FNDA:14,get
FNDA:0,set
FNDA:5,setMuted
FNDA:2,toggleMute
DA:1,1
DA:2,1
DA:3,1
DA:4,1
DA:8,1
DA:10,1
DA:12,36
DA:13,36
DA:14,10
DA:15,10
DA:16,36
DA:17,36
DA:19,1
DA:20,25
DA:21,25
DA:22,25
DA:23,25
DA:25,25
DA:26,25
DA:27,25
DA:29,25
DA:30,25
DA:31,25
DA:33,25
DA:34,25
DA:35,25
DA:36,0
DA:37,0
DA:38,25
DA:39,25
DA:41,25
DA:42,25
DA:43,25
DA:44,25
DA:45,25
DA:46,0
DA:47,0
DA:48,25
DA:50,1
DA:51,20
DA:52,20
DA:53,20
DA:55,1
DA:56,5
DA:57,5
DA:58,5
DA:60,1
DA:61,1
DA:62,1
DA:63,1
DA:64,1
DA:65,1
DA:66,1
DA:67,1
DA:68,1
DA:69,2
DA:70,2
DA:71,2
DA:72,2
DA:73,2
DA:74,2
DA:75,2
DA:76,2
DA:77,2
DA:78,2
DA:79,2
DA:80,1
DA:81,1
DA:82,1
DA:84,1
DA:85,10
DA:86,10
DA:87,10
DA:88,10
DA:89,10
DA:90,10
DA:91,10
DA:92,10
DA:93,10
DA:94,40
DA:95,40
DA:96,40
DA:97,40
DA:98,40
DA:99,40
DA:100,40
DA:101,40
DA:102,40
DA:103,40
DA:104,40
DA:105,10
DA:106,10
DA:107,10
DA:109,1
DA:111,1
DA:112,108
DA:113,108
DA:114,108
DA:115,0
DA:116,0
DA:117,108
DA:118,108
DA:120,108
DA:121,5
DA:122,5
DA:123,5
DA:125,108
DA:126,2
DA:127,2
DA:129,108
DA:130,108
DA:131,108
DA:132,108
DA:133,108
DA:134,108
DA:135,108
DA:136,108
DA:137,108
DA:138,108
LF:119
LH:113
BRDA:12,0,0,36
BRDA:13,1,0,10
BRDA:14,2,0,0
BRDA:20,3,0,25
BRDA:21,4,0,0
BRDA:23,5,0,0
BRDA:27,6,0,0
BRDA:33,7,0,0
BRDA:35,8,0,0
BRDA:38,9,0,0
BRDA:39,10,0,0
BRDA:44,11,0,0
BRDA:45,12,0,0
BRDA:51,13,0,20
BRDA:56,14,0,5
BRDA:61,15,0,1
BRDA:63,16,0,0
BRDA:65,17,0,0
BRDA:81,18,0,0
BRDA:68,19,0,2
BRDA:85,20,0,10
BRDA:87,21,0,0
BRDA:89,22,0,0
BRDA:106,23,0,0
BRDA:93,24,0,40
BRDA:111,25,0,108
BRDA:113,26,0,14
BRDA:120,27,0,5
BRDA:122,28,0,3
BRDA:122,29,0,2
BRDA:125,30,0,2
BRF:31
BRH:15
end_of_record
