TN:
SF:src/App.vue
FN:1,(empty-report)
FNF:1
FNH:0
FNDA:0,(empty-report)
DA:1,0
DA:2,0
DA:3,0
DA:4,0
DA:5,0
DA:6,0
DA:7,0
DA:8,0
DA:9,0
DA:10,0
DA:11,0
DA:12,0
DA:13,0
DA:14,0
DA:16,0
DA:17,0
DA:18,0
DA:20,0
DA:22,0
DA:23,0
DA:24,0
DA:26,0
DA:27,0
DA:28,0
DA:29,0
DA:30,0
DA:31,0
DA:33,0
DA:34,0
DA:35,0
DA:36,0
DA:37,0
DA:38,0
DA:39,0
DA:41,0
DA:42,0
DA:43,0
DA:45,0
DA:46,0
DA:47,0
DA:48,0
DA:49,0
DA:50,0
DA:51,0
DA:52,0
DA:53,0
DA:55,0
DA:56,0
DA:57,0
DA:58,0
DA:59,0
DA:60,0
DA:61,0
DA:62,0
DA:64,0
DA:66,0
DA:67,0
DA:68,0
DA:69,0
DA:70,0
DA:71,0
DA:72,0
DA:73,0
DA:74,0
DA:75,0
DA:76,0
DA:77,0
DA:78,0
DA:79,0
DA:80,0
DA:81,0
DA:82,0
DA:83,0
DA:84,0
DA:88,0
DA:89,0
DA:90,0
DA:91,0
DA:92,0
DA:93,0
DA:94,0
DA:96,0
DA:97,0
DA:98,0
DA:99,0
DA:100,0
DA:101,0
DA:102,0
DA:103,0
DA:104,0
DA:106,0
DA:107,0
DA:108,0
DA:109,0
DA:110,0
DA:112,0
DA:113,0
DA:114,0
DA:115,0
DA:116,0
DA:117,0
DA:118,0
DA:119,0
DA:121,0
DA:122,0
DA:123,0
DA:124,0
DA:126,0
DA:127,0
DA:128,0
DA:129,0
DA:130,0
DA:131,0
DA:132,0
DA:133,0
DA:134,0
DA:136,0
DA:137,0
DA:138,0
DA:139,0
DA:140,0
DA:141,0
DA:142,0
DA:143,0
DA:144,0
DA:145,0
DA:146,0
DA:147,0
DA:148,0
DA:149,0
DA:150,0
DA:151,0
DA:152,0
DA:153,0
DA:154,0
DA:155,0
DA:156,0
DA:157,0
DA:159,0
DA:161,0
DA:162,0
DA:163,0
DA:164,0
DA:166,0
DA:167,0
DA:168,0
DA:169,0
DA:170,0
DA:177,0
DA:178,0
DA:179,0
DA:180,0
DA:181,0
DA:183,0
DA:184,0
DA:185,0
DA:186,0
DA:188,0
DA:189,0
DA:190,0
DA:191,0
DA:192,0
DA:193,0
DA:194,0
DA:195,0
DA:196,0
DA:197,0
DA:199,0
DA:200,0
DA:201,0
DA:202,0
DA:203,0
DA:204,0
DA:205,0
DA:206,0
DA:207,0
DA:208,0
DA:209,0
DA:210,0
DA:211,0
DA:212,0
DA:213,0
DA:214,0
DA:215,0
DA:216,0
DA:217,0
DA:218,0
DA:219,0
DA:220,0
DA:221,0
LF:190
LH:0
BRDA:1,0,0,0
BRF:1
BRH:0
end_of_record
TN:
SF:src/components/HelloWorld.vue
FN:1,(empty-report)
FNF:1
FNH:0
FNDA:0,(empty-report)
DA:1,0
DA:2,0
DA:8,0
DA:12,0
DA:14,0
DA:15,0
DA:16,0
DA:18,0
DA:19,0
DA:20,0
DA:22,0
DA:24,0
DA:25,0
DA:26,0
DA:27,0
DA:28,0
DA:30,0
DA:31,0
DA:32,0
DA:33,0
DA:34,0
DA:35,0
DA:36,0
LF:23
LH:0
BRDA:1,0,0,0
BRF:1
BRH:0
end_of_record
TN:
SF:src/components/MatchCard.vue
FN:1,(empty-report)
FNF:1
FNH:0
FNDA:0,(empty-report)
DA:1,0
DA:2,0
DA:3,0
DA:5,0
DA:16,0
DA:18,0
DA:19,0
DA:21,0
DA:22,0
DA:23,0
DA:24,0
DA:25,0
DA:26,0
DA:27,0
DA:29,0
DA:30,0
DA:31,0
DA:32,0
DA:33,0
DA:34,0
DA:36,0
DA:37,0
DA:38,0
DA:39,0
DA:40,0
DA:41,0
DA:42,0
DA:43,0
DA:47,0
DA:48,0
DA:49,0
DA:50,0
DA:51,0
DA:53,0
DA:54,0
DA:55,0
DA:56,0
DA:57,0
DA:58,0
DA:59,0
DA:60,0
DA:61,0
DA:62,0
DA:64,0
DA:65,0
DA:66,0
DA:67,0
DA:68,0
DA:70,0
DA:71,0
DA:73,0
DA:74,0
DA:76,0
DA:77,0
DA:78,0
DA:79,0
DA:80,0
DA:81,0
DA:82,0
DA:83,0
DA:84,0
DA:85,0
DA:86,0
DA:87,0
DA:88,0
DA:89,0
LF:66
LH:0
BRDA:1,0,0,0
BRF:1
BRH:0
end_of_record
TN:
SF:src/components/Phase0Categories.vue
FN:1,(empty-report)
FNF:1
FNH:0
FNDA:0,(empty-report)
DA:1,0
DA:2,0
DA:3,0
DA:4,0
DA:5,0
DA:6,0
DA:8,0
DA:9,0
DA:10,0
DA:12,0
DA:13,0
DA:15,0
DA:16,0
DA:17,0
DA:18,0
DA:19,0
DA:21,0
DA:22,0
DA:23,0
DA:24,0
DA:25,0
DA:27,0
DA:28,0
DA:29,0
DA:30,0
DA:31,0
DA:32,0
DA:33,0
DA:35,0
DA:36,0
DA:37,0
DA:38,0
DA:39,0
DA:40,0
DA:41,0
DA:42,0
DA:43,0
DA:45,0
DA:46,0
DA:47,0
DA:48,0
DA:49,0
DA:50,0
DA:51,0
DA:52,0
DA:53,0
DA:54,0
DA:55,0
DA:56,0
DA:57,0
DA:58,0
DA:59,0
DA:60,0
DA:61,0
DA:62,0
DA:63,0
DA:64,0
DA:65,0
DA:66,0
DA:67,0
DA:68,0
DA:70,0
DA:72,0
DA:73,0
DA:74,0
DA:75,0
DA:77,0
DA:78,0
DA:79,0
DA:80,0
DA:82,0
DA:84,0
DA:85,0
DA:86,0
DA:87,0
DA:89,0
DA:90,0
DA:92,0
DA:93,0
DA:94,0
DA:95,0
DA:96,0
DA:97,0
DA:98,0
DA:100,0
DA:101,0
DA:102,0
DA:103,0
DA:104,0
DA:105,0
DA:106,0
DA:107,0
DA:109,0
DA:110,0
DA:111,0
DA:112,0
DA:113,0
DA:114,0
DA:115,0
DA:116,0
DA:117,0
DA:118,0
DA:119,0
DA:120,0
DA:125,0
DA:126,0
DA:127,0
DA:128,0
DA:129,0
DA:130,0
DA:131,0
DA:132,0
DA:133,0
DA:134,0
DA:135,0
DA:136,0
DA:137,0
DA:138,0
DA:139,0
DA:140,0
DA:141,0
DA:142,0
DA:143,0
DA:144,0
DA:148,0
DA:149,0
DA:150,0
DA:152,0
DA:153,0
DA:154,0
DA:155,0
DA:156,0
DA:160,0
DA:161,0
DA:162,0
DA:163,0
DA:164,0
DA:166,0
DA:167,0
DA:168,0
DA:169,0
DA:170,0
DA:171,0
DA:172,0
DA:173,0
DA:174,0
DA:175,0
DA:176,0
DA:177,0
DA:179,0
DA:180,0
DA:181,0
DA:183,0
DA:184,0
DA:185,0
DA:186,0
DA:187,0
DA:188,0
DA:189,0
DA:190,0
DA:191,0
DA:192,0
DA:194,0
DA:195,0
DA:196,0
DA:197,0
DA:198,0
DA:199,0
DA:200,0
DA:201,0
DA:202,0
DA:203,0
DA:204,0
DA:205,0
DA:206,0
DA:207,0
DA:208,0
DA:209,0
DA:210,0
DA:211,0
DA:212,0
DA:213,0
DA:214,0
DA:215,0
DA:216,0
LF:185
LH:0
BRDA:1,0,0,0
BRF:1
BRH:0
end_of_record
TN:
SF:src/components/Phase1Filter.vue
FN:1,(empty-report)
FNF:1
FNH:0
FNDA:0,(empty-report)
DA:1,0
DA:2,0
DA:3,0
DA:4,0
DA:5,0
DA:6,0
DA:8,0
DA:9,0
DA:10,0
DA:12,0
DA:13,0
DA:14,0
DA:15,0
DA:17,0
DA:18,0
DA:19,0
DA:20,0
DA:21,0
DA:22,0
DA:24,0
DA:25,0
DA:26,0
DA:27,0
DA:28,0
DA:29,0
DA:30,0
DA:31,0
DA:33,0
DA:34,0
DA:35,0
DA:36,0
DA:40,0
DA:41,0
DA:42,0
DA:43,0
DA:44,0
DA:45,0
DA:46,0
DA:47,0
DA:48,0
DA:49,0
DA:50,0
DA:51,0
DA:53,0
DA:54,0
DA:55,0
DA:56,0
DA:57,0
DA:58,0
DA:59,0
DA:60,0
DA:61,0
DA:62,0
DA:63,0
DA:64,0
DA:65,0
DA:66,0
DA:67,0
DA:68,0
DA:69,0
DA:70,0
DA:71,0
DA:73,0
DA:74,0
DA:75,0
DA:76,0
DA:77,0
DA:78,0
DA:80,0
DA:81,0
DA:82,0
DA:83,0
DA:84,0
DA:85,0
DA:86,0
DA:87,0
DA:88,0
DA:89,0
DA:90,0
DA:92,0
DA:93,0
DA:94,0
DA:95,0
DA:96,0
DA:97,0
DA:99,0
DA:100,0
DA:101,0
DA:102,0
DA:103,0
DA:104,0
DA:105,0
DA:106,0
DA:108,0
DA:109,0
DA:110,0
DA:111,0
DA:112,0
DA:113,0
DA:114,0
DA:115,0
DA:116,0
LF:102
LH:0
BRDA:1,0,0,0
BRF:1
BRH:0
end_of_record
TN:
SF:src/components/Phase2Pairs.vue
FN:1,(empty-report)
FNF:1
FNH:0
FNDA:0,(empty-report)
DA:1,0
DA:2,0
DA:3,0
DA:4,0
DA:5,0
DA:6,0
DA:8,0
DA:9,0
DA:10,0
DA:12,0
DA:13,0
DA:14,0
DA:15,0
DA:17,0
DA:18,0
DA:19,0
DA:20,0
DA:21,0
DA:22,0
DA:23,0
DA:24,0
DA:25,0
DA:26,0
DA:27,0
DA:28,0
DA:30,0
DA:31,0
DA:32,0
DA:33,0
DA:34,0
DA:35,0
DA:36,0
DA:37,0
DA:38,0
DA:39,0
DA:40,0
DA:41,0
DA:43,0
DA:44,0
DA:45,0
DA:46,0
DA:47,0
DA:48,0
DA:49,0
DA:51,0
DA:52,0
DA:53,0
DA:54,0
DA:55,0
DA:56,0
DA:58,0
DA:59,0
DA:60,0
DA:61,0
DA:65,0
DA:66,0
DA:67,0
DA:68,0
DA:69,0
DA:70,0
DA:71,0
DA:72,0
DA:73,0
DA:74,0
DA:75,0
DA:76,0
DA:77,0
DA:78,0
DA:79,0
DA:80,0
DA:81,0
DA:82,0
DA:83,0
DA:85,0
DA:86,0
DA:87,0
DA:88,0
DA:89,0
DA:90,0
DA:91,0
DA:92,0
DA:93,0
DA:94,0
DA:95,0
DA:97,0
DA:98,0
DA:99,0
DA:100,0
DA:101,0
DA:102,0
DA:103,0
DA:104,0
DA:105,0
DA:107,0
DA:109,0
DA:110,0
DA:111,0
DA:112,0
DA:113,0
DA:114,0
DA:115,0
DA:116,0
LF:102
LH:0
BRDA:1,0,0,0
BRF:1
BRH:0
end_of_record
TN:
SF:src/components/Phase3Bracket.vue
FN:1,(empty-report)
FNF:1
FNH:0
FNDA:0,(empty-report)
DA:1,0
DA:2,0
DA:3,0
DA:4,0
DA:5,0
DA:6,0
DA:8,0
DA:9,0
DA:10,0
DA:12,0
DA:14,0
DA:15,0
DA:16,0
DA:18,0
DA:19,0
DA:20,0
DA:21,0
DA:22,0
DA:23,0
DA:24,0
DA:26,0
DA:27,0
DA:28,0
DA:29,0
DA:30,0
DA:31,0
DA:33,0
DA:34,0
DA:35,0
DA:36,0
DA:37,0
DA:38,0
DA:39,0
DA:40,0
DA:41,0
DA:42,0
DA:43,0
DA:45,0
DA:46,0
DA:48,0
DA:49,0
DA:50,0
DA:51,0
DA:52,0
DA:53,0
DA:54,0
DA:55,0
DA:56,0
DA:57,0
DA:59,0
DA:60,0
DA:61,0
DA:62,0
DA:63,0
DA:65,0
DA:66,0
DA:67,0
DA:68,0
DA:69,0
DA:70,0
DA:71,0
DA:72,0
DA:74,0
DA:75,0
DA:76,0
DA:77,0
DA:78,0
DA:79,0
DA:80,0
DA:82,0
DA:83,0
DA:84,0
DA:85,0
DA:86,0
DA:88,0
DA:89,0
DA:90,0
DA:91,0
DA:92,0
DA:93,0
DA:94,0
DA:96,0
DA:97,0
DA:98,0
DA:99,0
DA:100,0
DA:101,0
DA:102,0
DA:103,0
DA:104,0
DA:105,0
DA:106,0
DA:107,0
DA:108,0
DA:109,0
DA:111,0
DA:112,0
DA:113,0
DA:114,0
DA:115,0
DA:116,0
DA:117,0
DA:119,0
DA:120,0
DA:121,0
DA:122,0
DA:124,0
DA:125,0
DA:126,0
DA:127,0
DA:131,0
DA:132,0
DA:133,0
DA:134,0
DA:135,0
DA:136,0
DA:137,0
DA:138,0
DA:139,0
DA:140,0
DA:141,0
DA:142,0
DA:143,0
DA:144,0
DA:145,0
DA:146,0
DA:147,0
DA:148,0
DA:149,0
DA:150,0
DA:151,0
DA:152,0
DA:153,0
DA:154,0
DA:155,0
DA:156,0
DA:157,0
DA:158,0
DA:159,0
DA:161,0
DA:162,0
DA:163,0
DA:164,0
DA:165,0
DA:166,0
DA:167,0
DA:168,0
DA:169,0
DA:171,0
DA:172,0
DA:173,0
DA:174,0
DA:175,0
DA:176,0
DA:177,0
DA:178,0
DA:179,0
DA:180,0
DA:181,0
DA:183,0
DA:184,0
DA:185,0
DA:186,0
DA:187,0
DA:188,0
DA:189,0
DA:190,0
DA:191,0
DA:192,0
DA:193,0
DA:194,0
DA:195,0
DA:196,0
DA:197,0
DA:198,0
DA:199,0
DA:201,0
DA:202,0
DA:203,0
DA:204,0
DA:205,0
DA:206,0
DA:208,0
DA:209,0
DA:210,0
DA:212,0
DA:214,0
DA:215,0
DA:216,0
DA:217,0
DA:219,0
DA:220,0
DA:221,0
DA:222,0
DA:223,0
DA:224,0
LF:196
LH:0
BRDA:1,0,0,0
BRF:1
BRH:0
end_of_record
TN:
SF:src/components/ProgressBar.vue
FN:10,bracketLevelLabel
FN:18,currentRoundSize
FNF:2
FNH:2
FNDA:4,bracketLevelLabel
FNDA:4,currentRoundSize
DA:1,1
DA:2,1
DA:3,1
DA:4,1
DA:6,1
DA:7,1
DA:9,1
DA:10,4
DA:11,4
DA:12,4
DA:13,4
DA:14,4
DA:15,4
DA:17,1
DA:18,4
DA:19,4
DA:20,4
DA:21,4
DA:22,4
DA:24,1
DA:25,25
DA:26,25
DA:27,25
DA:28,25
DA:29,25
DA:30,25
DA:31,25
DA:32,25
DA:33,25
DA:34,1
DA:36,1
DA:37,25
DA:38,25
DA:39,25
DA:40,2
DA:41,25
DA:42,3
DA:43,3
DA:44,3
DA:45,3
DA:46,25
DA:47,0
DA:48,0
DA:49,0
DA:50,0
DA:51,0
DA:52,25
DA:53,4
DA:54,25
DA:55,5
DA:56,25
DA:57,11
DA:58,25
DA:59,1
DA:61,1
DA:62,25
DA:63,25
DA:64,25
DA:65,2
DA:66,2
DA:67,2
DA:68,2
DA:69,2
DA:70,2
DA:71,25
DA:72,3
DA:73,3
DA:74,3
DA:75,3
DA:76,3
DA:77,25
DA:78,0
DA:79,0
DA:80,0
DA:81,0
DA:82,0
DA:83,25
DA:84,4
DA:85,25
DA:86,16
DA:87,25
DA:88,1
DA:92,1
DA:93,1
DA:94,1
DA:95,1
DA:96,1
DA:97,1
DA:98,1
DA:99,1
DA:100,1
DA:101,1
DA:102,1
DA:103,1
DA:104,1
DA:105,1
DA:106,1
DA:107,1
DA:108,1
LF:99
LH:89
BRDA:10,0,0,4
BRDA:11,1,0,0
BRDA:14,2,0,0
BRDA:18,3,0,4
BRDA:19,4,0,0
BRDA:20,5,0,0
BRDA:24,6,0,25
BRDA:26,7,0,11
BRDA:27,8,0,2
BRDA:28,9,0,3
BRDA:29,10,0,0
BRDA:30,11,0,4
BRDA:31,12,0,5
BRDA:32,13,0,0
BRDA:36,14,0,25
BRDA:39,15,0,2
BRDA:41,16,0,3
BRDA:44,17,0,0
BRDA:46,18,0,0
BRDA:52,19,0,4
BRDA:54,20,0,5
BRDA:56,21,0,11
BRDA:61,22,0,25
BRDA:64,23,0,2
BRDA:65,24,0,0
BRDA:66,25,0,0
BRDA:68,26,0,0
BRDA:71,27,0,3
BRDA:74,28,0,0
BRDA:77,29,0,0
BRDA:83,30,0,4
BRDA:85,31,0,16
BRDA:93,32,0,14
BRDA:101,33,0,7
BRDA:101,34,0,0
BRF:35
BRH:21
end_of_record
TN:
SF:src/components/ResultsScreen.vue
FN:1,(empty-report)
FNF:1
FNH:0
FNDA:0,(empty-report)
DA:1,0
DA:2,0
DA:3,0
DA:4,0
DA:5,0
DA:6,0
DA:7,0
DA:8,0
DA:10,0
DA:11,0
DA:12,0
DA:14,0
DA:15,0
DA:17,0
DA:18,0
DA:20,0
DA:21,0
DA:22,0
DA:23,0
DA:24,0
DA:25,0
DA:26,0
DA:27,0
DA:28,0
DA:29,0
DA:30,0
DA:31,0
DA:32,0
DA:33,0
DA:34,0
DA:35,0
DA:36,0
DA:37,0
DA:38,0
DA:39,0
DA:40,0
DA:41,0
DA:42,0
DA:43,0
DA:44,0
DA:45,0
DA:46,0
DA:47,0
DA:48,0
DA:49,0
DA:50,0
DA:52,0
DA:53,0
DA:54,0
DA:55,0
DA:56,0
DA:57,0
DA:58,0
DA:59,0
DA:60,0
DA:61,0
DA:62,0
DA:63,0
DA:64,0
DA:65,0
DA:66,0
DA:67,0
DA:68,0
DA:70,0
DA:71,0
DA:72,0
DA:73,0
DA:74,0
DA:75,0
DA:76,0
DA:77,0
DA:78,0
DA:79,0
DA:80,0
DA:81,0
DA:82,0
DA:84,0
DA:85,0
DA:86,0
DA:87,0
DA:88,0
DA:89,0
DA:90,0
DA:92,0
DA:93,0
DA:94,0
DA:95,0
DA:96,0
DA:97,0
DA:99,0
DA:101,0
DA:102,0
DA:104,0
DA:105,0
DA:106,0
DA:107,0
DA:108,0
DA:109,0
DA:110,0
DA:111,0
DA:112,0
DA:113,0
DA:114,0
DA:115,0
DA:116,0
DA:117,0
DA:119,0
DA:120,0
DA:121,0
DA:122,0
DA:123,0
DA:124,0
DA:125,0
DA:126,0
DA:127,0
DA:128,0
DA:129,0
DA:131,0
DA:132,0
DA:133,0
DA:134,0
DA:135,0
DA:136,0
DA:137,0
DA:138,0
DA:139,0
DA:140,0
DA:141,0
DA:142,0
DA:143,0
DA:144,0
DA:145,0
DA:146,0
DA:147,0
DA:148,0
DA:149,0
DA:150,0
DA:151,0
DA:153,0
DA:154,0
DA:155,0
DA:156,0
DA:157,0
DA:158,0
DA:159,0
DA:160,0
DA:161,0
DA:162,0
DA:163,0
DA:164,0
DA:165,0
DA:166,0
DA:167,0
DA:168,0
DA:169,0
DA:170,0
DA:171,0
DA:172,0
DA:173,0
DA:174,0
DA:175,0
DA:176,0
DA:177,0
DA:178,0
DA:179,0
DA:180,0
DA:181,0
DA:182,0
DA:183,0
DA:185,0
DA:186,0
DA:187,0
DA:191,0
DA:192,0
DA:193,0
DA:194,0
DA:195,0
DA:196,0
DA:197,0
DA:198,0
DA:199,0
DA:200,0
DA:201,0
DA:202,0
DA:203,0
DA:204,0
DA:206,0
DA:207,0
DA:208,0
DA:209,0
DA:210,0
DA:211,0
DA:212,0
DA:213,0
DA:214,0
DA:215,0
DA:216,0
DA:217,0
DA:218,0
DA:219,0
DA:220,0
DA:221,0
DA:223,0
DA:224,0
DA:225,0
DA:226,0
DA:227,0
DA:228,0
DA:229,0
DA:230,0
DA:231,0
DA:232,0
DA:234,0
DA:235,0
DA:236,0
DA:237,0
DA:238,0
DA:239,0
DA:240,0
DA:241,0
DA:242,0
DA:243,0
DA:244,0
DA:245,0
DA:246,0
DA:247,0
DA:248,0
DA:249,0
DA:250,0
DA:251,0
DA:252,0
DA:253,0
DA:254,0
DA:255,0
DA:257,0
DA:258,0
DA:259,0
DA:260,0
DA:261,0
DA:262,0
DA:263,0
DA:264,0
DA:266,0
DA:267,0
DA:268,0
DA:269,0
DA:270,0
DA:271,0
DA:272,0
LF:249
LH:0
BRDA:1,0,0,0
BRF:1
BRH:0
end_of_record
TN:
SF:src/components/RulesScreen.vue
FN:1,(empty-report)
FNF:1
FNH:0
FNDA:0,(empty-report)
DA:1,0
DA:2,0
DA:3,0
DA:5,0
DA:6,0
DA:8,0
DA:9,0
DA:10,0
DA:11,0
DA:12,0
DA:13,0
DA:17,0
DA:18,0
DA:19,0
DA:20,0
DA:21,0
DA:23,0
DA:24,0
DA:25,0
DA:26,0
DA:27,0
DA:28,0
DA:29,0
DA:30,0
DA:31,0
DA:32,0
DA:33,0
DA:35,0
DA:36,0
DA:37,0
DA:38,0
DA:39,0
DA:41,0
DA:42,0
DA:43,0
DA:44,0
DA:45,0
DA:46,0
DA:47,0
DA:48,0
DA:49,0
DA:50,0
DA:51,0
DA:52,0
DA:54,0
DA:55,0
DA:56,0
DA:58,0
DA:59,0
DA:61,0
DA:62,0
DA:63,0
DA:64,0
DA:65,0
DA:66,0
DA:67,0
LF:56
LH:0
BRDA:1,0,0,0
BRF:1
BRH:0
end_of_record
TN:
SF:src/components/WelcomeScreen.vue
FN:1,(empty-report)
FNF:1
FNH:0
FNDA:0,(empty-report)
DA:1,0
DA:2,0
DA:3,0
DA:5,0
DA:6,0
DA:8,0
DA:9,0
DA:10,0
DA:11,0
DA:12,0
DA:16,0
DA:17,0
DA:18,0
DA:19,0
DA:20,0
DA:21,0
DA:23,0
DA:24,0
DA:25,0
DA:27,0
DA:28,0
DA:29,0
DA:30,0
DA:31,0
DA:32,0
DA:33,0
DA:34,0
DA:35,0
DA:36,0
DA:37,0
DA:39,0
DA:40,0
DA:41,0
DA:42,0
DA:43,0
LF:35
LH:0
BRDA:1,0,0,0
BRF:1
BRH:0
end_of_record
TN:
SF:src/composables/useDataStore.js
FN:5,useDataStore
FN:6,load
FN:18,save
FN:26,clear
FNF:4
FNH:4
FNDA:9,useDataStore
FNDA:7,load
FNDA:85,save
FNDA:43,clear
DA:1,1
DA:3,1
DA:5,1
DA:6,9
DA:7,7
DA:8,7
DA:9,5
DA:10,5
DA:11,5
DA:12,1
DA:13,1
DA:14,5
DA:15,2
DA:16,9
DA:18,9
DA:19,85
DA:20,85
DA:21,85
DA:22,0
DA:23,0
DA:24,9
DA:26,9
DA:27,43
DA:28,9
DA:30,9
DA:31,9
DA:32,9
DA:33,9
DA:34,9
DA:35,9
LF:30
LH:28
BRDA:5,0,0,9
BRDA:6,1,0,7
BRDA:8,2,0,5
BRDA:11,3,0,1
BRDA:14,4,0,2
BRDA:18,5,0,85
BRDA:21,6,0,0
BRDA:26,7,0,43
BRF:8
BRH:7
end_of_record
TN:
SF:src/composables/useGameEngine.js
FN:8,defaultState
FN:26,__vite_ssr_import_0__.watch.deep
FN:31,validateSavedState
FN:53,shuffle
FN:63,useGameEngine
FN:67,repairBracketState
FN:93,init
FN:106,resetGame
FN:111,goToRules
FN:115,goToWelcome
FN:119,startNewGame
FN:127,removeCategory
FN:140,completeCategories
FN:148,restoreCategory
FN:164,togglePhase1Selection
FN:187,undoPhase1
FN:199,completePhase1
FN:224,startPhase2
FN:258,nextPhase2Match
FN:273,resolvePhase2Match
FN:285,resolvePhase2MatchRandomly
FN:294,startBracketPhase
FN:314,nextBracketMatch
FN:342,resolveBracketMatch
FNF:24
FNH:23
FNDA:40,defaultState
FNDA:80,__vite_ssr_import_0__.watch.deep
FNDA:3,validateSavedState
FNDA:47,shuffle
FNDA:39,useGameEngine
FNDA:4,repairBracketState
FNDA:3,init
FNDA:38,resetGame
FNDA:2,goToRules
FNDA:1,goToWelcome
FNDA:34,startNewGame
FNDA:3,removeCategory
FNDA:24,completeCategories
FNDA:3,restoreCategory
FNDA:1266,togglePhase1Selection
FNDA:3,undoPhase1
FNDA:14,completePhase1
FNDA:3,startPhase2
FNDA:4,nextPhase2Match
FNDA:1,resolvePhase2Match
FNDA:0,resolvePhase2MatchRandomly
FNDA:10,startBracketPhase
FNDA:18,nextBracketMatch
FNDA:8,resolveBracketMatch
DA:1,1
DA:5,1
DA:6,1
DA:8,1
DA:9,40
DA:10,40
DA:11,40
DA:12,40
DA:13,40
DA:14,40
DA:15,40
DA:16,40
DA:17,40
DA:18,40
DA:19,40
DA:20,1
DA:22,1
DA:23,1
DA:24,1
DA:26,1
DA:27,80
DA:28,1
DA:30,1
DA:31,3
DA:32,3
DA:33,3
DA:34,3
DA:35,3
DA:36,3
DA:37,2
DA:38,2
DA:39,2
DA:40,2
DA:41,3
DA:42,3
DA:43,3
DA:44,3
DA:45,3
DA:46,3
DA:47,3
DA:48,3
DA:49,3
DA:50,3
DA:52,1
DA:53,47
DA:54,47
DA:55,47
DA:56,3632
DA:57,3632
DA:58,3632
DA:59,3632
DA:60,47
DA:61,47
DA:63,1
DA:64,39
DA:66,39
DA:67,39
DA:68,4
DA:69,4
DA:70,4
DA:71,4
DA:72,4
DA:73,4
DA:74,0
DA:75,0
DA:76,0
DA:77,0
DA:78,0
DA:79,4
DA:80,4
DA:81,4
DA:82,4
DA:83,4
DA:84,4
DA:85,8
DA:86,8
DA:87,4
DA:88,4
DA:89,4
DA:90,4
DA:91,39
DA:93,39
DA:94,3
DA:95,3
DA:96,3
DA:97,3
DA:98,2
DA:99,2
DA:100,2
DA:101,3
DA:102,0
DA:103,0
DA:104,39
DA:106,39
DA:107,38
DA:108,38
DA:109,39
DA:111,39
DA:112,2
DA:113,39
DA:115,39
DA:116,1
DA:117,39
DA:119,39
DA:120,34
DA:121,34
DA:122,34
DA:123,34
DA:124,39
DA:126,39
DA:127,39
DA:128,3
DA:129,2
DA:130,2
DA:131,3
DA:132,2
DA:133,2
DA:134,2
DA:135,2
DA:136,2
DA:137,39
DA:139,39
DA:140,39
DA:141,24
DA:142,24
DA:143,23
DA:144,23
DA:145,39
DA:147,39
DA:148,39
DA:149,3
DA:150,2
DA:151,2
DA:152,3
DA:153,1
DA:154,40
DA:155,40
DA:156,1
DA:157,1
DA:158,1
DA:159,1
DA:160,39
DA:162,39
DA:164,39
DA:165,1266
DA:166,1266
DA:167,1266
DA:168,1265
DA:169,1265
DA:170,1265
DA:171,1266
DA:172,1
DA:173,1
DA:174,1
DA:175,1
DA:176,1
DA:177,1
DA:178,1
DA:179,1
DA:180,1
DA:181,1
DA:182,1
DA:183,1
DA:184,39
DA:186,39
DA:187,39
DA:188,3
DA:189,2
DA:190,3
DA:191,1
DA:192,3
DA:193,3
DA:194,3
DA:195,3
DA:196,3
DA:197,39
DA:199,39
DA:200,14
DA:201,1
DA:202,1
DA:204,13
DA:205,13
DA:206,13
DA:208,13
DA:209,13
DA:210,13
DA:211,14
DA:212,10
DA:213,14
DA:214,3
DA:215,3
DA:216,13
DA:217,39
DA:219,39
DA:220,39
DA:221,39
DA:222,39
DA:224,39
DA:225,3
DA:226,3
DA:228,3
DA:229,3
DA:230,3
DA:231,3
DA:233,3
DA:234,3
DA:236,3
DA:237,3
DA:239,3
DA:240,3
DA:241,3
DA:242,44
DA:243,44
DA:244,44
DA:245,44
DA:246,44
DA:247,3
DA:249,3
DA:250,3
DA:251,3
DA:252,3
DA:253,3
DA:255,3
DA:256,39
DA:258,39
DA:259,4
DA:260,0
DA:261,0
DA:262,0
DA:263,0
DA:265,0
DA:266,0
DA:267,0
DA:268,0
DA:269,4
DA:270,39
DA:272,39
DA:273,39
DA:274,1
DA:275,1
DA:276,1
DA:278,1
DA:279,1
DA:281,1
DA:282,1
DA:283,39
DA:285,39
DA:286,0
DA:287,0
DA:288,0
DA:289,0
DA:290,39
DA:292,39
DA:294,39
DA:295,10
DA:296,10
DA:297,10
DA:298,10
DA:300,10
DA:302,10
DA:303,10
DA:304,22
DA:305,22
DA:306,22
DA:307,22
DA:308,22
DA:309,10
DA:311,10
DA:312,39
DA:314,39
DA:315,18
DA:316,5
DA:317,5
DA:318,5
DA:319,2
DA:320,2
DA:321,2
DA:322,2
DA:324,3
DA:325,3
DA:326,3
DA:327,3
DA:329,3
DA:330,3
DA:331,3
DA:332,3
DA:333,3
DA:334,3
DA:335,3
DA:336,3
DA:337,3
DA:339,16
DA:340,39
DA:342,39
DA:343,8
DA:344,8
DA:345,8
DA:347,8
DA:348,8
DA:350,8
DA:351,8
DA:352,39
DA:354,39
DA:355,39
DA:356,39
DA:357,39
DA:358,39
DA:359,39
DA:360,39
DA:361,39
DA:362,39
DA:363,39
DA:364,39
DA:365,39
DA:366,39
DA:367,39
DA:368,39
DA:369,39
DA:370,39
DA:371,39
DA:372,39
LF:321
LH:302
BRDA:8,0,0,40
BRDA:26,1,0,80
BRDA:31,2,0,3
BRDA:32,3,0,0
BRDA:34,4,0,1
BRDA:34,5,0,2
BRDA:35,6,0,0
BRDA:35,7,0,2
BRDA:36,8,0,0
BRDA:36,9,0,2
BRDA:41,10,0,0
BRDA:42,11,0,2
BRDA:42,12,0,0
BRDA:43,13,0,2
BRDA:43,14,0,0
BRDA:44,15,0,2
BRDA:44,16,0,0
BRDA:45,17,0,2
BRDA:46,18,0,2
BRDA:46,19,0,0
BRDA:47,20,0,2
BRDA:48,21,0,2
BRDA:48,22,0,0
BRDA:53,23,0,47
BRDA:55,24,0,3632
BRDA:63,25,0,39
BRDA:67,26,0,4
BRDA:69,27,0,0
BRDA:70,28,0,0
BRDA:71,29,0,0
BRDA:72,30,0,0
BRDA:73,31,0,0
BRDA:81,32,0,0
BRDA:82,33,0,0
BRDA:84,34,0,8
BRDA:93,35,0,3
BRDA:97,36,0,2
BRDA:99,37,0,1
BRDA:101,38,0,0
BRDA:106,39,0,38
BRDA:111,40,0,2
BRDA:115,41,0,1
BRDA:119,42,0,34
BRDA:127,43,0,3
BRDA:128,44,0,1
BRDA:128,45,0,2
BRDA:131,46,0,0
BRDA:131,47,0,2
BRDA:130,48,0,204
BRDA:132,49,0,204
BRDA:135,50,0,43
BRDA:140,51,0,24
BRDA:141,52,0,1
BRDA:141,53,0,23
BRDA:142,54,0,0
BRDA:142,55,0,23
BRDA:148,56,0,3
BRDA:149,57,0,1
BRDA:149,58,0,2
BRDA:152,59,0,1
BRDA:151,60,0,40
BRDA:153,61,0,40
BRDA:157,62,0,40
BRDA:164,63,0,1266
BRDA:167,64,0,1265
BRDA:171,65,0,1
BRDA:176,66,0,0
BRDA:166,67,0,68166
BRDA:173,68,0,1
BRDA:187,69,0,3
BRDA:188,70,0,1
BRDA:188,71,0,2
BRDA:190,72,0,1
BRDA:192,73,0,0
BRDA:199,74,0,14
BRDA:200,75,0,1
BRDA:202,76,0,13
BRDA:211,77,0,10
BRDA:213,78,0,3
BRDA:215,79,0,13
BRDA:224,80,0,3
BRDA:241,81,0,44
BRDA:258,82,0,4
BRDA:259,83,0,0
BRDA:273,84,0,1
BRDA:275,85,0,0
BRDA:276,86,0,0
BRDA:294,87,0,10
BRDA:303,88,0,22
BRDA:314,89,0,18
BRDA:315,90,0,5
BRDA:318,91,0,4
BRDA:318,92,0,2
BRDA:322,93,0,3
BRDA:337,94,0,16
BRDA:342,95,0,8
BRDA:344,96,0,0
BRDA:345,97,0,0
BRF:98
BRH:72
end_of_record
TN:
SF:src/composables/useSound.js
FN:12,getContext
FN:20,playTone
FN:51,playTap
FN:56,playSuccess
FN:61,playAdvance
FN:85,playFanfare
FN:111,useSound
FN:113,get
FN:114,set
FN:120,setMuted
FN:125,toggleMute
FNF:11
FNH:10
FNDA:4,getContext
FNDA:2,playTone
FNDA:1,playTap
FNDA:1,playSuccess
FNDA:1,playAdvance
FNDA:1,playFanfare
FNDA:6,useSound
FNDA:6,get
FNDA:0,set
FNDA:5,setMuted
FNDA:2,toggleMute
DA:1,1
DA:2,1
DA:3,1
DA:4,1
DA:8,1
DA:10,1
DA:12,4
DA:13,4
DA:14,1
DA:15,1
DA:16,4
DA:17,4
DA:19,1
DA:20,2
DA:21,2
DA:22,2
DA:23,2
DA:25,2
DA:26,2
DA:27,2
DA:29,2
DA:30,2
DA:31,2
DA:33,2
DA:34,2
DA:35,2
DA:36,0
DA:37,0
DA:38,2
DA:39,2
DA:41,2
DA:42,2
DA:43,2
DA:44,2
DA:45,2
DA:46,0
DA:47,0
DA:48,2
DA:50,1
DA:51,1
DA:52,1
DA:53,1
DA:55,1
DA:56,1
DA:57,1
DA:58,1
DA:60,1
DA:61,1
DA:62,1
DA:63,1
DA:64,1
DA:65,1
DA:66,1
DA:67,1
DA:68,1
DA:69,2
DA:70,2
DA:71,2
DA:72,2
DA:73,2
DA:74,2
DA:75,2
DA:76,2
DA:77,2
DA:78,2
DA:79,2
DA:80,1
DA:81,1
DA:82,1
DA:84,1
DA:85,1
DA:86,1
DA:87,1
DA:88,1
DA:89,1
DA:90,1
DA:91,1
DA:92,1
DA:93,1
DA:94,4
DA:95,4
DA:96,4
DA:97,4
DA:98,4
DA:99,4
DA:100,4
DA:101,4
DA:102,4
DA:103,4
DA:104,4
DA:105,1
DA:106,1
DA:107,1
DA:109,1
DA:111,1
DA:112,6
DA:113,6
DA:114,6
DA:115,0
DA:116,0
DA:117,6
DA:118,6
DA:120,6
DA:121,5
DA:122,5
DA:123,5
DA:125,6
DA:126,2
DA:127,2
DA:129,6
DA:130,6
DA:131,6
DA:132,6
DA:133,6
DA:134,6
DA:135,6
DA:136,6
DA:137,6
DA:138,6
LF:119
LH:113
BRDA:12,0,0,4
BRDA:13,1,0,1
BRDA:14,2,0,0
BRDA:20,3,0,2
BRDA:21,4,0,0
BRDA:23,5,0,0
BRDA:27,6,0,0
BRDA:33,7,0,0
BRDA:35,8,0,0
BRDA:38,9,0,0
BRDA:39,10,0,0
BRDA:44,11,0,0
BRDA:45,12,0,0
BRDA:51,13,0,1
BRDA:56,14,0,1
BRDA:61,15,0,1
BRDA:63,16,0,0
BRDA:65,17,0,0
BRDA:81,18,0,0
BRDA:68,19,0,2
BRDA:85,20,0,1
BRDA:87,21,0,0
BRDA:89,22,0,0
BRDA:106,23,0,0
BRDA:93,24,0,4
BRDA:111,25,0,6
BRDA:113,26,0,6
BRDA:120,27,0,5
BRDA:122,28,0,3
BRDA:122,29,0,2
BRDA:125,30,0,2
BRF:31
BRH:15
end_of_record
